0 verbose cli /usr/local/bin/node /usr/local/bin/npm
1 info using npm@10.9.2
2 info using node@v22.15.0
3 silly config load:file:/usr/local/lib/node_modules/npm/npmrc
4 silly config load:file:/Users/ricardo/Documents/Dev/CHI/HR-portal/.npmrc
5 silly config load:file:/Users/ricardo/.npmrc
6 silly config load:file:/usr/local/etc/npmrc
7 verbose title npm install
8 verbose argv "install" "--cache" ".npm" "--loglevel" "error" "--progress" "false"
9 verbose logfile logs-max:10 dir:/Users/ricardo/Documents/Dev/CHI/HR-portal/.npm/_logs/2025-08-11T18_29_30_989Z-
10 verbose logfile /Users/ricardo/Documents/Dev/CHI/HR-portal/.npm/_logs/2025-08-11T18_29_30_989Z-debug-0.log
11 silly logfile done cleaning log files
12 silly packumentCache heap:4345298944 maxSize:1086324736 maxEntrySize:543162368
13 silly idealTree buildDeps
14 silly fetch manifest @aws-sdk/types@^3.734.0
15 silly packumentCache full:https://registry.npmjs.org/@aws-sdk%2ftypes cache-miss
16 verbose shrinkwrap failed to load node_modules/.package-lock.json missing from node_modules: node_modules/@aws-amplify/data-construct/node_modules/@aws-cdk/cloud-assembly-schema
17 http fetch GET 200 https://registry.npmjs.org/npm 861ms
18 http fetch GET 200 https://registry.npmjs.org/@aws-sdk%2ftypes 535ms (cache miss)
19 silly packumentCache full:https://registry.npmjs.org/@aws-sdk%2ftypes set size:undefined disposed:false
20 silly placeDep ROOT @aws-sdk/types@3.862.0 KEEP for: @aws-amplify/plugin-types@1.10.1 want: ^3.734.0
21 warn ERESOLVE overriding peer dependency {
21 warn ERESOLVE   code: 'ERESOLVE',
21 warn ERESOLVE   edge: {
21 warn ERESOLVE     type: 'peer',
21 warn ERESOLVE     name: '@aws-sdk/types',
21 warn ERESOLVE     spec: '^3.734.0',
21 warn ERESOLVE     error: 'PEER LOCAL',
21 warn ERESOLVE     from: {
21 warn ERESOLVE       name: '@aws-amplify/plugin-types',
21 warn ERESOLVE       version: '1.10.1',
21 warn ERESOLVE       location: 'node_modules/@aws-amplify/data-construct/node_modules/@aws-amplify/ai-constructs/node_modules/@aws-amplify/plugin-types',
21 warn ERESOLVE       isWorkspace: false,
21 warn ERESOLVE       dependents: [Array]
21 warn ERESOLVE     }
21 warn ERESOLVE   },
21 warn ERESOLVE   dep: {
21 warn ERESOLVE     name: '@aws-sdk/types',
21 warn ERESOLVE     version: '3.862.0',
21 warn ERESOLVE     whileInstalling: {
21 warn ERESOLVE       name: '@aws-amplify/plugin-types',
21 warn ERESOLVE       version: '1.10.1',
21 warn ERESOLVE       path: '/Users/ricardo/Documents/Dev/CHI/HR-portal/node_modules/@aws-amplify/data-construct/node_modules/@aws-amplify/ai-constructs/node_modules/@aws-amplify/plugin-types'
21 warn ERESOLVE     },
21 warn ERESOLVE     location: 'node_modules/@aws-sdk/types',
21 warn ERESOLVE     isWorkspace: false,
21 warn ERESOLVE     dependents: [ [Object] ]
21 warn ERESOLVE   },
21 warn ERESOLVE   force: false,
21 warn ERESOLVE   isMine: false,
21 warn ERESOLVE   strictPeerDeps: false,
21 warn ERESOLVE   current: {
21 warn ERESOLVE     name: '@aws-sdk/types',
21 warn ERESOLVE     version: '3.821.0',
21 warn ERESOLVE     location: 'node_modules/@aws-amplify/data-construct/node_modules/@aws-amplify/ai-constructs/node_modules/@aws-amplify/plugin-types/node_modules/@aws-sdk/types',
21 warn ERESOLVE     isWorkspace: false,
21 warn ERESOLVE     dependents: []
21 warn ERESOLVE   }
21 warn ERESOLVE }
22 silly placeDep ROOT @aws-sdk/types@3.862.0 KEEP for: @aws-amplify/plugin-types@1.10.1 want: ^3.734.0
23 warn ERESOLVE overriding peer dependency {
23 warn ERESOLVE   code: 'ERESOLVE',
23 warn ERESOLVE   edge: {
23 warn ERESOLVE     type: 'peer',
23 warn ERESOLVE     name: '@aws-sdk/types',
23 warn ERESOLVE     spec: '^3.734.0',
23 warn ERESOLVE     error: 'PEER LOCAL',
23 warn ERESOLVE     from: {
23 warn ERESOLVE       name: '@aws-amplify/plugin-types',
23 warn ERESOLVE       version: '1.10.1',
23 warn ERESOLVE       location: 'node_modules/@aws-amplify/graphql-api-construct/node_modules/@aws-amplify/ai-constructs/node_modules/@aws-amplify/plugin-types',
23 warn ERESOLVE       isWorkspace: false,
23 warn ERESOLVE       dependents: [Array]
23 warn ERESOLVE     }
23 warn ERESOLVE   },
23 warn ERESOLVE   dep: {
23 warn ERESOLVE     name: '@aws-sdk/types',
23 warn ERESOLVE     version: '3.862.0',
23 warn ERESOLVE     whileInstalling: {
23 warn ERESOLVE       name: '@aws-amplify/plugin-types',
23 warn ERESOLVE       version: '1.10.1',
23 warn ERESOLVE       path: '/Users/ricardo/Documents/Dev/CHI/HR-portal/node_modules/@aws-amplify/graphql-api-construct/node_modules/@aws-amplify/ai-constructs/node_modules/@aws-amplify/plugin-types'
23 warn ERESOLVE     },
23 warn ERESOLVE     location: 'node_modules/@aws-sdk/types',
23 warn ERESOLVE     isWorkspace: false,
23 warn ERESOLVE     dependents: [ [Object] ]
23 warn ERESOLVE   },
23 warn ERESOLVE   force: false,
23 warn ERESOLVE   isMine: false,
23 warn ERESOLVE   strictPeerDeps: false,
23 warn ERESOLVE   current: {
23 warn ERESOLVE     name: '@aws-sdk/types',
23 warn ERESOLVE     version: '3.821.0',
23 warn ERESOLVE     location: 'node_modules/@aws-amplify/graphql-api-construct/node_modules/@aws-amplify/ai-constructs/node_modules/@aws-amplify/plugin-types/node_modules/@aws-sdk/types',
23 warn ERESOLVE     isWorkspace: false,
23 warn ERESOLVE     dependents: []
23 warn ERESOLVE   }
23 warn ERESOLVE }
24 silly reify moves {}
25 silly audit bulk request {
25 silly audit   '@alloc/quick-lru': [ '5.2.0' ],
25 silly audit   '@aws-amplify/backend': [ '1.16.1' ],
25 silly audit   '@aws-amplify/backend-auth': [ '1.7.1' ],
25 silly audit   '@aws-amplify/auth-construct': [ '1.8.1' ],
25 silly audit   '@aws-sdk/util-arn-parser': [ '3.804.0' ],
25 silly audit   '@aws-amplify/backend-cli': [ '1.8.0' ],
25 silly audit   '@aws-amplify/backend-data': [ '1.6.1' ],
25 silly audit   '@ampproject/remapping': [ '2.3.0' ],
25 silly audit   '@ardatan/aggregate-error': [ '0.0.6' ],
25 silly audit   tslib: [
25 silly audit     '2.0.3', '1.14.1',
25 silly audit     '2.2.0', '2.3.1',
25 silly audit     '2.8.1', '2.4.1',
25 silly audit     '2.6.3'
25 silly audit   ],
25 silly audit   '@ardatan/relay-compiler': [ '12.0.0', '12.0.3' ],
25 silly audit   '@babel/generator': [ '7.28.0', '7.0.0-beta.4' ],
25 silly audit   '@babel/types': [ '7.28.2', '7.0.0-beta.4' ],
25 silly audit   chalk: [ '4.1.2', '3.0.0', '5.5.0', '2.4.2' ],
25 silly audit   jsesc: [ '3.1.0', '1.3.0', '2.5.2' ],
25 silly audit   '@aws-amplify/appsync-modelgen-plugin': [ '2.15.2' ],
25 silly audit   '@graphql-tools/utils': [ '6.2.4', '7.10.0', '10.9.1', '9.2.1' ],
25 silly audit   'camel-case': [ '4.1.1', '4.1.2' ],
25 silly audit   '@aws-amplify/graphql-directives': [ '1.1.0', '2.7.1' ],
25 silly audit   '@aws-amplify/graphql-docs-generator': [ '4.2.1' ],
25 silly audit   '@aws-amplify/graphql-generator': [ '0.5.3' ],
25 silly audit   '@aws-amplify/graphql-types-generator': [ '3.6.0' ],
25 silly audit   '@babel/code-frame': [ '7.27.1' ],
25 silly audit   '@babel/compat-data': [ '7.28.0' ],
25 silly audit   '@babel/core': [ '7.28.0' ],
25 silly audit   '@babel/helper-annotate-as-pure': [ '7.27.3' ],
25 silly audit   '@babel/helper-compilation-targets': [ '7.27.2' ],
25 silly audit   '@babel/helper-create-class-features-plugin': [ '7.27.1' ],
25 silly audit   '@babel/helper-globals': [ '7.28.0' ],
25 silly audit   '@babel/helper-member-expression-to-functions': [ '7.27.1' ],
25 silly audit   '@babel/helper-module-imports': [ '7.27.1' ],
25 silly audit   '@babel/helper-module-transforms': [ '7.27.3' ],
25 silly audit   '@babel/helper-optimise-call-expression': [ '7.27.1' ],
25 silly audit   '@babel/helper-plugin-utils': [ '7.27.1' ],
25 silly audit   '@babel/helper-replace-supers': [ '7.27.1' ],
25 silly audit   '@babel/helper-skip-transparent-expression-wrappers': [ '7.27.1' ],
25 silly audit   '@babel/helper-string-parser': [ '7.27.1' ],
25 silly audit   '@babel/helper-validator-identifier': [ '7.27.1' ],
25 silly audit   '@babel/helper-validator-option': [ '7.27.1' ],
25 silly audit   '@babel/helpers': [ '7.28.2' ],
25 silly audit   '@babel/parser': [ '7.28.0' ],
25 silly audit   '@babel/plugin-proposal-class-properties': [ '7.18.6' ],
25 silly audit   '@babel/plugin-proposal-object-rest-spread': [ '7.20.7' ],
25 silly audit   '@babel/plugin-syntax-class-properties': [ '7.12.13' ],
25 silly audit   '@babel/plugin-syntax-flow': [ '7.27.1' ],
25 silly audit   '@babel/plugin-syntax-jsx': [ '7.27.1' ],
25 silly audit   '@babel/plugin-syntax-object-rest-spread': [ '7.8.3' ],
25 silly audit   '@babel/plugin-transform-arrow-functions': [ '7.27.1' ],
25 silly audit   '@babel/plugin-transform-block-scoped-functions': [ '7.27.1' ],
25 silly audit   '@babel/plugin-transform-block-scoping': [ '7.28.0' ],
25 silly audit   '@babel/plugin-transform-classes': [ '7.28.0' ],
25 silly audit   '@babel/plugin-transform-computed-properties': [ '7.27.1' ],
25 silly audit   '@babel/plugin-transform-destructuring': [ '7.28.0' ],
25 silly audit   '@babel/plugin-transform-flow-strip-types': [ '7.27.1' ],
25 silly audit   '@babel/plugin-transform-for-of': [ '7.27.1' ],
25 silly audit   '@babel/plugin-transform-function-name': [ '7.27.1' ],
25 silly audit   '@babel/plugin-transform-literals': [ '7.27.1' ],
25 silly audit   '@babel/plugin-transform-member-expression-literals': [ '7.27.1' ],
25 silly audit   '@babel/plugin-transform-modules-commonjs': [ '7.27.1' ],
25 silly audit   '@babel/plugin-transform-object-super': [ '7.27.1' ],
25 silly audit   '@babel/plugin-transform-parameters': [ '7.27.7' ],
25 silly audit   '@babel/plugin-transform-property-literals': [ '7.27.1' ],
25 silly audit   '@babel/plugin-transform-react-display-name': [ '7.28.0' ],
25 silly audit   '@babel/plugin-transform-react-jsx': [ '7.27.1' ],
25 silly audit   '@babel/plugin-transform-shorthand-properties': [ '7.27.1' ],
25 silly audit   '@babel/plugin-transform-spread': [ '7.27.1' ],
25 silly audit   '@babel/plugin-transform-template-literals': [ '7.27.1' ],
25 silly audit   '@babel/template': [ '7.27.2' ],
25 silly audit   '@babel/traverse': [ '7.28.0' ],
25 silly audit   '@fastify/busboy': [ '3.1.1' ],
25 silly audit   '@graphql-codegen/core': [ '2.6.8' ],
25 silly audit   '@graphql-codegen/plugin-helpers': [ '3.1.2', '1.18.8', '5.1.1' ],
25 silly audit   '@graphql-codegen/visitor-plugin-common': [ '1.22.0', '5.8.0' ],
25 silly audit   'change-case-all': [ '1.0.14', '1.0.15' ],
25 silly audit   'common-tags': [ '1.8.0', '1.8.2' ],
25 silly audit   '@graphql-tools/apollo-engine-loader': [ '8.0.22' ],
25 silly audit   '@graphql-tools/merge': [ '8.4.2' ],
25 silly audit   '@graphql-tools/optimize': [ '1.4.0', '2.0.0' ],
25 silly audit   '@graphql-tools/relay-operation-optimizer': [ '6.5.18', '7.0.21' ],
25 silly audit   '@graphql-tools/schema': [ '9.0.19' ],
25 silly audit   '@graphql-typed-document-node/core': [ '3.2.0' ],
25 silly audit   '@jridgewell/gen-mapping': [ '0.3.12' ],
25 silly audit   '@jridgewell/resolve-uri': [ '3.1.2' ],
25 silly audit   '@jridgewell/sourcemap-codec': [ '1.5.4' ],
25 silly audit   '@jridgewell/trace-mapping': [ '0.3.29' ],
25 silly audit   '@whatwg-node/disposablestack': [ '0.0.6' ],
25 silly audit   '@whatwg-node/fetch': [ '0.10.10' ],
25 silly audit   '@whatwg-node/node-fetch': [ '0.7.25' ],
25 silly audit   '@whatwg-node/promise-helpers': [ '1.3.2' ],
25 silly audit   'array-buffer-byte-length': [ '1.0.2' ],
25 silly audit   'array-union': [ '2.1.0' ],
25 silly audit   'array.prototype.flatmap': [ '1.3.3' ],
25 silly audit   'arraybuffer.prototype.slice': [ '1.0.4' ],
25 silly audit   asap: [ '2.0.6' ],
25 silly audit   'async-function': [ '1.0.0' ],
25 silly audit   'auto-bind': [ '4.0.0' ],
25 silly audit   'available-typed-arrays': [ '1.0.7' ],
25 silly audit   'babel-generator': [ '6.26.1' ],
25 silly audit   'babel-messages': [ '6.23.0' ],
25 silly audit   'babel-plugin-syntax-trailing-function-commas': [ '7.0.0-beta.0' ],
25 silly audit   'babel-preset-fbjs': [ '3.4.0' ],
25 silly audit   'babel-runtime': [ '6.26.0' ],
25 silly audit   'core-js': [ '2.6.12', '3.45.0' ],
25 silly audit   'babel-types': [ '6.26.0' ],
25 silly audit   'to-fast-properties': [ '1.0.3', '2.0.0' ],
25 silly audit   'brace-expansion': [ '1.1.12', '2.0.2' ],
25 silly audit   bser: [ '2.1.1' ],
25 silly audit   'buffer-from': [ '1.1.2' ],
25 silly audit   'call-bind': [ '1.0.8' ],
25 silly audit   'call-bind-apply-helpers': [ '1.0.2' ],
25 silly audit   'call-bound': [ '1.0.4' ],
25 silly audit   'capital-case': [ '1.0.4' ],
25 silly audit   'change-case': [ '4.1.2' ],
25 silly audit   charenc: [ '0.0.2' ],
25 silly audit   'concat-map': [ '0.0.1' ],
25 silly audit   'constant-case': [ '3.0.4' ],
25 silly audit   'convert-source-map': [ '2.0.0' ],
25 silly audit   'cross-fetch': [ '3.2.0' ],
25 silly audit   'cross-inspect': [ '1.0.1' ],
25 silly audit   crypt: [ '0.0.2' ],
25 silly audit   'data-uri-to-buffer': [ '4.0.1', '6.0.2' ],
25 silly audit   'data-view-buffer': [ '1.0.2' ],
25 silly audit   'data-view-byte-length': [ '1.0.2' ],
25 silly audit   'data-view-byte-offset': [ '1.0.1' ],
25 silly audit   decamelize: [ '1.2.0', '5.0.1' ],
25 silly audit   'define-data-property': [ '1.1.4' ],
25 silly audit   'define-properties': [ '1.2.1' ],
25 silly audit   'dependency-graph': [ '0.11.0' ],
25 silly audit   'detect-indent': [ '4.0.0' ],
25 silly audit   'dir-glob': [ '3.0.1' ],
25 silly audit   'dot-case': [ '3.0.4' ],
25 silly audit   dset: [ '3.1.4' ],
25 silly audit   'dunder-proto': [ '1.0.1' ],
25 silly audit   'es-abstract': [ '1.24.0' ],
25 silly audit   'es-define-property': [ '1.0.1' ],
25 silly audit   'es-errors': [ '1.3.0' ],
25 silly audit   'es-object-atoms': [ '1.1.1' ],
25 silly audit   'es-set-tostringtag': [ '2.1.0' ],
25 silly audit   'es-shim-unscopables': [ '1.1.0' ],
25 silly audit   'es-to-primitive': [ '1.3.0' ],
25 silly audit   'fb-watchman': [ '2.0.2' ],
25 silly audit   fbjs: [ '3.0.5' ],
25 silly audit   'fbjs-css-vars': [ '1.0.2' ],
25 silly audit   'fetch-blob': [ '3.2.0' ],
25 silly audit   'for-each': [ '0.3.5' ],
25 silly audit   'formdata-polyfill': [ '4.0.10' ],
25 silly audit   'fs-extra': [ '8.1.0', '9.1.0', '11.1.1', '11.3.0' ],
25 silly audit   'fs.realpath': [ '1.0.0' ],
25 silly audit   'function-bind': [ '1.1.2' ],
25 silly audit   'function.prototype.name': [ '1.1.8' ],
25 silly audit   'functions-have-names': [ '1.2.3' ],
25 silly audit   gensync: [ '1.0.0-beta.2' ],
25 silly audit   'get-intrinsic': [ '1.3.0' ],
25 silly audit   'get-proto': [ '1.0.1' ],
25 silly audit   'get-symbol-description': [ '1.1.0' ],
25 silly audit   glob: [ '7.2.3', '10.4.5', '11.0.3' ],
25 silly audit   globalthis: [ '1.0.4' ],
25 silly audit   globby: [ '11.1.0' ],
25 silly audit   gopd: [ '1.2.0' ],
25 silly audit   graphql: [ '15.10.1', '15.8.0' ],
25 silly audit   'graphql-mapping-template': [ '4.20.16', '5.0.2' ],
25 silly audit   'graphql-tag': [ '2.12.6' ],
25 silly audit   'graphql-transformer-common': [ '4.34.0', '5.1.3' ],
25 silly audit   handlebars: [ '4.7.7' ],
25 silly audit   'source-map': [ '0.6.1', '0.5.7' ],
25 silly audit   'has-bigints': [ '1.1.0' ],
25 silly audit   'has-property-descriptors': [ '1.0.2' ],
25 silly audit   'has-proto': [ '1.2.0' ],
25 silly audit   'has-symbols': [ '1.1.0' ],
25 silly audit   'has-tostringtag': [ '1.0.2' ],
25 silly audit   hasown: [ '2.0.2' ],
25 silly audit   'header-case': [ '2.0.4' ],
25 silly audit   ignore: [ '5.3.2' ],
25 silly audit   immutable: [ '3.7.6' ],
25 silly audit   'import-from': [ '4.0.0' ],
25 silly audit   inflected: [ '2.1.0' ],
25 silly audit   inflight: [ '1.0.6' ],
25 silly audit   'internal-slot': [ '1.1.0' ],
25 silly audit   invariant: [ '2.2.4' ],
25 silly audit   'is-absolute': [ '1.0.0' ],
25 silly audit   'is-array-buffer': [ '3.0.5' ],
25 silly audit   'is-async-function': [ '2.1.1' ],
25 silly audit   'is-bigint': [ '1.1.0' ],
25 silly audit   'is-boolean-object': [ '1.2.2' ],
25 silly audit   'is-buffer': [ '1.1.6' ],
25 silly audit   'is-callable': [ '1.2.7' ],
25 silly audit   'is-data-view': [ '1.0.2' ],
25 silly audit   'is-date-object': [ '1.1.0' ],
25 silly audit   'is-finalizationregistry': [ '1.1.1' ],
25 silly audit   'is-finite': [ '1.1.0' ],
25 silly audit   'is-generator-function': [ '1.1.0' ],
25 silly audit   'is-lower-case': [ '2.0.2' ],
25 silly audit   'is-map': [ '2.0.3' ],
25 silly audit   'is-negative-zero': [ '2.0.3' ],
25 silly audit   'is-number-object': [ '1.1.1' ],
25 silly audit   'is-regex': [ '1.2.1' ],
25 silly audit   'is-relative': [ '1.0.0' ],
25 silly audit   'is-set': [ '2.0.3' ],
25 silly audit   'is-shared-array-buffer': [ '1.0.4' ],
25 silly audit   'is-string': [ '1.1.1' ],
25 silly audit   'is-symbol': [ '1.1.1' ],
25 silly audit   'is-typed-array': [ '1.1.15' ],
25 silly audit   'is-unc-path': [ '1.0.0' ],
25 silly audit   'is-upper-case': [ '2.0.2' ],
25 silly audit   'is-weakmap': [ '2.0.2' ],
25 silly audit   'is-weakref': [ '1.1.1' ],
25 silly audit   'is-weakset': [ '2.0.4' ],
25 silly audit   'is-windows': [ '1.0.2' ],
25 silly audit   isarray: [ '2.0.5', '1.0.0' ],
25 silly audit   'js-tokens': [ '4.0.0' ],
25 silly audit   json5: [ '2.2.3' ],
25 silly audit   jsonfile: [ '4.0.0', '6.1.0' ],
25 silly audit   'loose-envify': [ '1.4.0' ],
25 silly audit   'lower-case': [ '2.0.2' ],
25 silly audit   'lower-case-first': [ '2.0.2' ],
25 silly audit   'lru-cache': [ '5.1.1', '8.0.5', '7.18.3', '10.4.3', '11.1.0' ],
25 silly audit   'map-cache': [ '0.2.2' ],
25 silly audit   'math-intrinsics': [ '1.1.0' ],
25 silly audit   md5: [ '2.3.0' ],
25 silly audit   merge2: [ '1.4.1' ],
25 silly audit   'min-indent': [ '1.0.1' ],
25 silly audit   minimatch: [ '3.1.2', '10.0.1', '9.0.5', '10.0.3', '5.1.6' ],
25 silly audit   minimist: [ '1.2.8' ],
25 silly audit   'neo-async': [ '2.6.2' ],
25 silly audit   'no-case': [ '3.0.4' ],
25 silly audit   'node-domexception': [ '1.0.0' ],
25 silly audit   'node-fetch': [ '2.7.0', '3.3.2' ],
25 silly audit   'node-int64': [ '0.4.0' ],
25 silly audit   nullthrows: [ '1.1.1' ],
25 silly audit   'object-assign': [ '4.1.1' ],
25 silly audit   'object-inspect': [ '1.13.4' ],
25 silly audit   'object-keys': [ '1.1.1' ],
25 silly audit   'object.assign': [ '4.1.7' ],
25 silly audit   once: [ '1.4.0' ],
25 silly audit   'own-keys': [ '1.0.1' ],
25 silly audit   'param-case': [ '3.0.4' ],
25 silly audit   'parse-filepath': [ '1.0.2' ],
25 silly audit   'pascal-case': [ '3.1.2' ],
25 silly audit   'path-case': [ '3.0.4' ],
25 silly audit   'path-is-absolute': [ '1.0.1' ],
25 silly audit   'path-root': [ '0.1.1' ],
25 silly audit   'path-root-regex': [ '0.1.2' ],
25 silly audit   'path-type': [ '4.0.0' ],
25 silly audit   pluralize: [ '8.0.0' ],
25 silly audit   'possible-typed-array-names': [ '1.1.0' ],
25 silly audit   prettier: [ '1.19.1', '2.3.2', '3.6.2' ],
25 silly audit   promise: [ '7.3.1' ],
25 silly audit   'reflect.getprototypeof': [ '1.0.10' ],
25 silly audit   'regenerator-runtime': [ '0.11.1' ],
25 silly audit   'regexp.prototype.flags': [ '1.5.4' ],
25 silly audit   'relay-runtime': [ '12.0.0' ],
25 silly audit   repeating: [ '2.0.1' ],
25 silly audit   rimraf: [ '3.0.2' ],
25 silly audit   'safe-array-concat': [ '1.1.3' ],
25 silly audit   'safe-push-apply': [ '1.0.0' ],
25 silly audit   'safe-regex-test': [ '1.1.0' ],
25 silly audit   semver: [ '6.3.1', '7.7.2', '7.7.1' ],
25 silly audit   'sentence-case': [ '3.0.4' ],
25 silly audit   'set-function-length': [ '1.2.2' ],
25 silly audit   'set-function-name': [ '2.0.2' ],
25 silly audit   'set-proto': [ '1.0.0' ],
25 silly audit   setimmediate: [ '1.0.5' ],
25 silly audit   'side-channel': [ '1.1.0' ],
25 silly audit   'side-channel-list': [ '1.0.0' ],
25 silly audit   'side-channel-map': [ '1.0.1' ],
25 silly audit   'side-channel-weakmap': [ '1.0.2' ],
25 silly audit   signedsource: [ '1.0.0' ],
25 silly audit   slash: [ '3.0.0' ],
25 silly audit   'snake-case': [ '3.0.4' ],
25 silly audit   'source-map-support': [ '0.5.21' ],
25 silly audit   'sponge-case': [ '1.0.1' ],
25 silly audit   'stop-iteration-iterator': [ '1.1.0' ],
25 silly audit   'string.prototype.trim': [ '1.2.10' ],
25 silly audit   'string.prototype.trimend': [ '1.0.9' ],
25 silly audit   'string.prototype.trimstart': [ '1.0.8' ],
25 silly audit   'strip-indent': [ '3.0.0' ],
25 silly audit   'swap-case': [ '2.0.2' ],
25 silly audit   'sync-fetch': [ '0.6.0-2' ],
25 silly audit   'timeout-signal': [ '2.0.0' ],
25 silly audit   'title-case': [ '3.0.3' ],
25 silly audit   tr46: [ '0.0.3' ],
25 silly audit   'trim-right': [ '1.0.1' ],
25 silly audit   'ts-dedent': [ '1.2.0', '2.2.0' ],
25 silly audit   'typed-array-buffer': [ '1.0.3' ],
25 silly audit   'typed-array-byte-length': [ '1.0.3' ],
25 silly audit   'typed-array-byte-offset': [ '1.0.4' ],
25 silly audit   'typed-array-length': [ '1.0.7' ],
25 silly audit   'ua-parser-js': [ '1.0.40' ],
25 silly audit   'uglify-js': [ '3.19.3' ],
25 silly audit   'unbox-primitive': [ '1.1.0' ],
25 silly audit   'unc-path-regex': [ '0.1.2' ],
25 silly audit   universalify: [ '0.1.2', '2.0.1' ],
25 silly audit   'upper-case': [ '2.0.2' ],
25 silly audit   'upper-case-first': [ '2.0.2' ],
25 silly audit   'urlpattern-polyfill': [ '10.1.0' ],
25 silly audit   'value-or-promise': [ '1.0.12' ],
25 silly audit   'web-streams-polyfill': [ '3.3.3' ],
25 silly audit   'webidl-conversions': [ '3.0.1' ],
25 silly audit   'whatwg-mimetype': [ '4.0.0' ],
25 silly audit   'whatwg-url': [ '5.0.0' ],
25 silly audit   'which-boxed-primitive': [ '1.1.1' ],
25 silly audit   'which-builtin-type': [ '1.2.1' ],
25 silly audit   'which-collection': [ '1.0.2' ],
25 silly audit   'which-typed-array': [ '1.1.19' ],
25 silly audit   wrappy: [ '1.0.2' ],
25 silly audit   yallist: [ '3.1.1' ],
25 silly audit   yargs: [ '15.4.1', '17.7.2' ],
25 silly audit   '@aws-amplify/backend-deployer': [ '2.1.3' ],
25 silly audit   '@aws-cdk/cli-plugin-contract': [ '2.181.1' ],
25 silly audit   '@aws-cdk/toolkit-lib': [ '1.1.1', '0.3.2' ],
25 silly audit   '@esbuild/aix-ppc64': [ '0.25.8', '0.23.1' ],
25 silly audit   '@esbuild/android-arm': [ '0.25.8', '0.23.1' ],
25 silly audit   '@esbuild/android-arm64': [ '0.25.8', '0.23.1' ],
25 silly audit   '@esbuild/android-x64': [ '0.25.8', '0.23.1' ],
25 silly audit   '@esbuild/darwin-arm64': [ '0.25.8', '0.23.1' ],
25 silly audit   '@esbuild/darwin-x64': [ '0.25.8', '0.23.1' ],
25 silly audit   '@esbuild/freebsd-arm64': [ '0.25.8', '0.23.1' ],
25 silly audit   '@esbuild/freebsd-x64': [ '0.25.8', '0.23.1' ],
25 silly audit   '@esbuild/linux-arm': [ '0.25.8', '0.23.1' ],
25 silly audit   '@esbuild/linux-arm64': [ '0.25.8', '0.23.1' ],
25 silly audit   '@esbuild/linux-ia32': [ '0.25.8', '0.23.1' ],
25 silly audit   '@esbuild/linux-loong64': [ '0.25.8', '0.23.1' ],
25 silly audit   '@esbuild/linux-mips64el': [ '0.25.8', '0.23.1' ],
25 silly audit   '@esbuild/linux-ppc64': [ '0.25.8', '0.23.1' ],
25 silly audit   '@esbuild/linux-riscv64': [ '0.25.8', '0.23.1' ],
25 silly audit   '@esbuild/linux-s390x': [ '0.25.8', '0.23.1' ],
25 silly audit   '@esbuild/linux-x64': [ '0.25.8', '0.23.1' ],
25 silly audit   '@esbuild/netbsd-arm64': [ '0.25.8' ],
25 silly audit   '@esbuild/netbsd-x64': [ '0.25.8', '0.23.1' ],
25 silly audit   '@esbuild/openbsd-arm64': [ '0.25.8', '0.23.1' ],
25 silly audit   '@esbuild/openbsd-x64': [ '0.25.8', '0.23.1' ],
25 silly audit   '@esbuild/openharmony-arm64': [ '0.25.8' ],
25 silly audit   '@esbuild/sunos-x64': [ '0.25.8', '0.23.1' ],
25 silly audit   '@esbuild/win32-arm64': [ '0.25.8', '0.23.1' ],
25 silly audit   '@esbuild/win32-ia32': [ '0.25.8', '0.23.1' ],
25 silly audit   '@esbuild/win32-x64': [ '0.25.8', '0.23.1' ],
25 silly audit   'ansi-regex': [ '6.1.0', '5.0.1' ],
25 silly audit   'cdk-from-cfn': [ '0.220.0', '0.210.0' ],
25 silly audit   esbuild: [ '0.25.8', '0.23.1' ],
25 silly audit   fsevents: [ '2.3.3', '2.3.2' ],
25 silly audit   'strip-ansi': [ '7.1.0', '6.0.1' ],
25 silly audit   tsx: [ '4.19.4', '4.20.3' ],
25 silly audit   uuid: [ '11.1.0', '9.0.1' ],
25 silly audit   '@aws-amplify/backend-function': [ '1.14.1' ],
25 silly audit   '@aws-amplify/backend-output-schemas': [ '1.7.0', '1.4.1', '1.6.0' ],
25 silly audit   '@aws-amplify/backend-output-storage': [ '1.3.1', '1.1.5' ],
25 silly audit   '@aws-amplify/backend-secret': [ '1.4.0' ],
25 silly audit   '@aws-amplify/backend-storage': [ '1.4.1' ],
25 silly audit   '@aws-amplify/cli-core': [ '2.2.1' ],
25 silly audit   '@inquirer/checkbox': [ '4.2.0' ],
25 silly audit   '@inquirer/confirm': [ '5.1.14' ],
25 silly audit   '@inquirer/core': [ '10.1.15' ],
25 silly audit   'ansi-styles': [ '4.3.0', '6.2.1', '3.2.1' ],
25 silly audit   'emoji-regex': [ '8.0.0', '10.4.0', '9.2.2' ],
25 silly audit   'string-width': [ '4.2.3', '7.2.0', '5.1.2' ],
25 silly audit   'wrap-ansi': [ '6.2.0', '9.0.0', '8.1.0', '7.0.0' ],
25 silly audit   '@inquirer/editor': [ '4.2.16' ],
25 silly audit   '@inquirer/expand': [ '4.0.17' ],
25 silly audit   '@inquirer/external-editor': [ '1.0.0' ],
25 silly audit   '@inquirer/figures': [ '1.0.13' ],
25 silly audit   '@inquirer/input': [ '4.2.1' ],
25 silly audit   '@inquirer/number': [ '3.0.17' ],
25 silly audit   '@inquirer/password': [ '4.0.17' ],
25 silly audit   '@inquirer/prompts': [ '7.8.1' ],
25 silly audit   '@inquirer/rawlist': [ '4.1.5' ],
25 silly audit   '@inquirer/search': [ '3.1.0' ],
25 silly audit   '@inquirer/select': [ '4.3.1' ],
25 silly audit   '@inquirer/type': [ '3.0.8' ],
25 silly audit   'ansi-escapes': [ '4.3.2' ],
25 silly audit   chardet: [ '2.1.0' ],
25 silly audit   'cli-cursor': [ '5.0.0', '3.1.0' ],
25 silly audit   'cli-spinners': [ '2.9.2' ],
25 silly audit   'cli-width': [ '4.1.0' ],
25 silly audit   'get-east-asian-width': [ '1.3.0' ],
25 silly audit   'iconv-lite': [ '0.6.3' ],
25 silly audit   'is-interactive': [ '2.0.0', '1.0.0' ],
25 silly audit   'is-unicode-supported': [ '2.1.0', '1.3.0' ],
25 silly audit   kleur: [ '4.1.5' ],
25 silly audit   'log-symbols': [ '6.0.0', '3.0.0' ],
25 silly audit   'mimic-function': [ '5.0.1' ],
25 silly audit   'mute-stream': [ '2.0.0', '0.0.8' ],
25 silly audit   onetime: [ '7.0.0', '5.1.2' ],
25 silly audit   ora: [ '8.2.0', '4.1.1' ],
25 silly audit   'restore-cursor': [ '5.1.0', '3.1.0' ],
25 silly audit   'safer-buffer': [ '2.1.2' ],
25 silly audit   'stdin-discarder': [ '0.2.2' ],
25 silly audit   'type-fest': [ '0.21.3' ],
25 silly audit   'yoctocolors-cjs': [ '2.1.2' ],
25 silly audit   '@aws-amplify/client-config': [ '1.8.0' ],
25 silly audit   '@aws-amplify/core': [ '6.13.1' ],
25 silly audit   '@aws-sdk/types': [
25 silly audit     '3.398.0',
25 silly audit     '3.609.0',
25 silly audit     '3.821.0',
25 silly audit     '3.862.0',
25 silly audit     '3.387.0',
25 silly audit     '3.775.0',
25 silly audit     '3.734.0'
25 silly audit   ],
25 silly audit   '@smithy/types': [ '2.12.0', '4.3.2', '3.7.2', '4.3.1' ],
25 silly audit   '@smithy/util-hex-encoding': [ '2.0.0', '4.0.0', '3.0.0' ],
25 silly audit   '@aws-amplify/data-construct': [ '1.16.3' ],
25 silly audit   '@aws-amplify/ai-constructs': [ '1.5.3' ],
25 silly audit   '@aws-amplify/plugin-types': [ '1.11.0', '1.10.1', '1.8.1' ],
25 silly audit   '@aws-sdk/client-bedrock-runtime': [ '3.622.0', '3.828.0' ],
25 silly audit   '@aws-sdk/client-sso': [
25 silly audit     '3.624.0',
25 silly audit     '3.864.0',
25 silly audit     '3.621.0',
25 silly audit     '3.622.0',
25 silly audit     '3.828.0',
25 silly audit     '3.637.0',
25 silly audit     '3.777.0'
25 silly audit   ],
25 silly audit   '@aws-sdk/client-sso-oidc': [ '3.624.0', '3.621.0', '3.622.0', '3.637.0' ],
25 silly audit   '@aws-sdk/client-sts': [ '3.624.0', '3.864.0', '3.621.0', '3.622.0', '3.777.0' ],
25 silly audit   '@aws-sdk/core': [
25 silly audit     '3.624.0',
25 silly audit     '3.864.0',
25 silly audit     '3.621.0',
25 silly audit     '3.622.0',
25 silly audit     '3.826.0',
25 silly audit     '3.775.0',
25 silly audit     '3.635.0'
25 silly audit   ],
25 silly audit   '@aws-sdk/credential-provider-http': [ '3.622.0', '3.864.0', '3.621.0', '3.826.0', '3.775.0', '3.635.0' ],
25 silly audit   '@aws-sdk/credential-provider-ini': [
25 silly audit     '3.624.0',
25 silly audit     '3.864.0',
25 silly audit     '3.621.0',
25 silly audit     '3.622.0',
25 silly audit     '3.828.0',
25 silly audit     '3.777.0',
25 silly audit     '3.637.0'
25 silly audit   ],
25 silly audit   '@aws-sdk/credential-provider-node': [
25 silly audit     '3.624.0',
25 silly audit     '3.864.0',
25 silly audit     '3.621.0',
25 silly audit     '3.622.0',
25 silly audit     '3.828.0',
25 silly audit     '3.777.0',
25 silly audit     '3.637.0'
25 silly audit   ],
25 silly audit   '@aws-sdk/credential-provider-sso': [
25 silly audit     '3.624.0',
25 silly audit     '3.864.0',
25 silly audit     '3.621.0',
25 silly audit     '3.622.0',
25 silly audit     '3.828.0',
25 silly audit     '3.777.0',
25 silly audit     '3.637.0'
25 silly audit   ],
25 silly audit   '@aws-sdk/middleware-user-agent': [ '3.620.0', '3.864.0', '3.828.0', '3.775.0', '3.637.0' ],
25 silly audit   '@aws-sdk/util-endpoints': [ '3.614.0', '3.862.0', '3.828.0', '3.775.0', '3.637.0', '3.734.0' ],
25 silly audit   '@aws-amplify/graphql-auth-transformer': [ '4.2.4' ],
25 silly audit   '@aws-amplify/graphql-conversation-transformer': [ '1.1.12' ],
25 silly audit   '@aws-amplify/graphql-default-value-transformer': [ '3.1.14' ],
25 silly audit   '@aws-amplify/graphql-function-transformer': [ '3.1.16' ],
25 silly audit   '@aws-amplify/graphql-generation-transformer': [ '1.2.4' ],
25 silly audit   '@aws-amplify/graphql-http-transformer': [ '3.0.19' ],
25 silly audit   '@aws-amplify/graphql-index-transformer': [ '3.0.19' ],
25 silly audit   '@aws-amplify/graphql-maps-to-transformer': [ '4.0.19' ],
25 silly audit   '@aws-amplify/graphql-model-transformer': [ '3.3.1' ],
25 silly audit   '@aws-amplify/graphql-predictions-transformer': [ '3.0.19' ],
25 silly audit   '@aws-amplify/graphql-relational-transformer': [ '3.1.11' ],
25 silly audit   '@aws-amplify/graphql-searchable-transformer': [ '3.0.19' ],
25 silly audit   '@aws-amplify/graphql-sql-transformer': [ '0.4.19' ],
25 silly audit   '@aws-amplify/graphql-transformer': [ '2.3.4' ],
25 silly audit   '@aws-amplify/graphql-transformer-core': [ '3.4.4' ],
25 silly audit   '@aws-amplify/graphql-transformer-interfaces': [ '4.2.6' ],
25 silly audit   '@aws-amplify/graphql-validate-transformer': [ '1.1.4' ],
25 silly audit   '@aws-amplify/platform-core': [ '1.10.0', '1.6.5' ],
25 silly audit   'ci-info': [ '4.3.0', '3.9.0', '4.2.0' ],
25 silly audit   'is-ci': [ '4.1.0', '3.0.1' ],
25 silly audit   '@aws-cdk/cloud-assembly-schema': [ '43.12.0', '48.3.0' ],
25 silly audit   '@smithy/abort-controller': [ '4.0.5', '3.1.9', '4.0.4', '4.0.2' ],
25 silly audit   '@smithy/core': [ '3.8.0', '2.5.7', '3.5.3', '3.2.0' ],
25 silly audit   '@smithy/fetch-http-handler': [ '5.1.1', '3.2.9', '4.1.3', '5.0.4', '5.0.2' ],
25 silly audit   '@smithy/is-array-buffer': [ '4.0.0', '3.0.0', '2.2.0' ],
25 silly audit   '@smithy/middleware-endpoint': [ '4.1.18', '3.2.8', '4.1.11', '4.1.0' ],
25 silly audit   '@smithy/middleware-serde': [ '4.0.9', '3.0.11', '4.0.8', '4.0.3' ],
25 silly audit   '@smithy/node-config-provider': [ '4.1.4', '3.1.12', '4.1.3', '4.0.2' ],
25 silly audit   '@smithy/node-http-handler': [ '4.1.1', '3.3.3', '4.0.6', '4.0.4' ],
25 silly audit   '@smithy/property-provider': [ '4.0.5', '3.1.11', '4.0.4', '4.0.2' ],
25 silly audit   '@smithy/protocol-http': [ '5.1.3', '4.1.8', '5.1.2', '5.1.0' ],
25 silly audit   '@smithy/querystring-builder': [ '4.0.5', '3.0.11', '4.0.4', '4.0.2' ],
25 silly audit   '@smithy/querystring-parser': [ '4.0.5', '3.0.11', '4.0.4', '4.0.2' ],
25 silly audit   '@smithy/service-error-classification': [ '4.0.7', '3.0.11', '4.0.5', '4.0.2' ],
25 silly audit   '@smithy/shared-ini-file-loader': [ '4.0.5', '3.1.12', '4.0.4', '4.0.2' ],
25 silly audit   '@smithy/url-parser': [ '4.0.5', '3.0.11', '4.0.4', '4.0.2' ],
25 silly audit   '@smithy/util-base64': [ '4.0.0', '3.0.0' ],
25 silly audit   '@smithy/util-body-length-browser': [ '4.0.0', '3.0.0' ],
25 silly audit   '@smithy/util-buffer-from': [ '4.0.0', '3.0.0', '2.2.0' ],
25 silly audit   '@smithy/util-middleware': [ '4.0.5', '3.0.11', '4.0.4', '4.0.2' ],
25 silly audit   '@smithy/util-retry': [ '4.0.7', '3.0.11', '4.0.5', '4.0.2' ],
25 silly audit   '@smithy/util-stream': [ '4.2.4', '3.3.4', '4.2.2', '4.2.0' ],
25 silly audit   '@smithy/util-uri-escape': [ '4.0.0', '3.0.0' ],
25 silly audit   '@smithy/util-utf8': [ '4.0.0', '3.0.0', '2.3.0', '2.0.0' ],
25 silly audit   '@aws-crypto/crc32': [ '5.2.0' ],
25 silly audit   '@aws-crypto/sha256-browser': [ '5.2.0' ],
25 silly audit   '@aws-crypto/sha256-js': [ '5.2.0' ],
25 silly audit   '@aws-crypto/supports-web-crypto': [ '5.2.0' ],
25 silly audit   '@aws-crypto/util': [ '5.2.0' ],
25 silly audit   '@aws-sdk/credential-provider-env': [ '3.620.1', '3.864.0', '3.826.0', '3.775.0' ],
25 silly audit   '@aws-sdk/credential-provider-process': [ '3.620.1', '3.864.0', '3.826.0', '3.775.0' ],
25 silly audit   '@aws-sdk/credential-provider-web-identity': [ '3.621.0', '3.864.0', '3.828.0', '3.777.0' ],
25 silly audit   '@aws-sdk/middleware-host-header': [ '3.620.0', '3.862.0', '3.821.0', '3.775.0' ],
25 silly audit   '@aws-sdk/middleware-logger': [ '3.609.0', '3.862.0', '3.821.0', '3.775.0' ],
25 silly audit   '@aws-sdk/middleware-recursion-detection': [ '3.620.0', '3.862.0', '3.821.0', '3.775.0' ],
25 silly audit   '@aws-sdk/nested-clients': [ '3.864.0', '3.828.0', '3.777.0' ],
25 silly audit   '@aws-sdk/region-config-resolver': [ '3.614.0', '3.862.0', '3.821.0', '3.775.0' ],
25 silly audit   '@aws-sdk/token-providers': [ '3.614.0', '3.864.0', '3.828.0', '3.777.0' ],
25 silly audit   '@aws-sdk/util-user-agent-browser': [ '3.609.0', '3.862.0', '3.821.0', '3.775.0' ],
25 silly audit   '@aws-sdk/util-user-agent-node': [ '3.614.0', '3.864.0', '3.828.0', '3.775.0' ],
25 silly audit   '@smithy/config-resolver': [ '3.0.13', '4.1.5', '4.1.4', '4.1.0' ],
25 silly audit   '@smithy/credential-provider-imds': [ '3.2.8', '4.0.7', '4.0.6', '4.0.2' ],
25 silly audit   '@smithy/eventstream-codec': [ '3.1.10', '4.0.5', '4.0.4' ],
25 silly audit   '@smithy/eventstream-serde-browser': [ '3.0.14', '4.0.5', '4.0.4' ],
25 silly audit   '@smithy/eventstream-serde-config-resolver': [ '3.0.11', '4.1.3', '4.1.2' ],
25 silly audit   '@smithy/eventstream-serde-node': [ '3.0.13', '4.0.5', '4.0.4' ],
25 silly audit   '@smithy/eventstream-serde-universal': [ '3.0.13', '4.0.5', '4.0.4' ],
25 silly audit   '@smithy/hash-node': [ '3.0.11', '4.0.5', '4.0.4', '4.0.2' ],
25 silly audit   '@smithy/invalid-dependency': [ '3.0.11', '4.0.5', '4.0.4', '4.0.2' ],
25 silly audit   '@smithy/middleware-content-length': [ '3.0.13', '4.0.5', '4.0.4', '4.0.2' ],
25 silly audit   '@smithy/middleware-retry': [ '3.0.34', '4.1.19', '4.1.12', '4.1.0' ],
25 silly audit   '@smithy/middleware-stack': [ '3.0.11', '4.0.5', '4.0.4', '4.0.2' ],
25 silly audit   '@smithy/signature-v4': [ '4.2.4', '5.1.3', '5.1.2', '5.0.2' ],
25 silly audit   '@smithy/smithy-client': [ '3.7.0', '4.4.10', '4.4.3', '4.2.0' ],
25 silly audit   '@smithy/util-body-length-node': [ '3.0.0', '4.0.0' ],
25 silly audit   '@smithy/util-config-provider': [ '3.0.0', '4.0.0' ],
25 silly audit   '@smithy/util-defaults-mode-browser': [ '3.0.34', '4.0.26', '4.0.19', '4.0.8' ],
25 silly audit   '@smithy/util-defaults-mode-node': [ '3.0.34', '4.0.26', '4.0.19', '4.0.8' ],
25 silly audit   '@smithy/util-endpoints': [ '2.1.7', '3.0.7', '3.0.6', '3.0.2' ],
25 silly audit   '@aws-sdk/util-locate-window': [ '3.804.0' ],
25 silly audit   '@aws-sdk/xml-builder': [ '3.862.0', '3.821.0' ],
25 silly audit   '@types/uuid': [ '9.0.8' ],
25 silly audit   bowser: [ '2.12.0', '2.11.0' ],
25 silly audit   'fast-xml-parser': [ '4.4.1', '4.5.3', '5.2.5' ],
25 silly audit   'graceful-fs': [ '4.2.11' ],
25 silly audit   hjson: [ '3.2.2' ],
25 silly audit   immer: [ '9.0.6', '9.0.21' ],
25 silly audit   'libphonenumber-js': [ '1.9.47' ],
25 silly audit   lodash: [ '4.17.21' ],
25 silly audit   'lodash.mergewith': [ '4.6.2' ],
25 silly audit   'lodash.snakecase': [ '4.1.1' ],
25 silly audit   'object-hash': [ '3.0.0' ],
25 silly audit   strnum: [ '1.1.2', '2.1.1' ],
25 silly audit   zod: [ '3.25.17', '3.24.2' ],
25 silly audit   '@aws-amplify/data-schema': [ '1.21.1' ],
25 silly audit   '@aws-amplify/data-schema-types': [ '1.2.0' ],
25 silly audit   '@types/aws-lambda': [ '8.10.152' ],
25 silly audit   '@types/json-schema': [ '7.0.15' ],
25 silly audit   '@aws-amplify/deployed-backend-client': [ '1.8.0' ],
25 silly audit   '@aws-amplify/form-generator': [ '1.2.4' ],
25 silly audit   '@aws-amplify/codegen-ui': [ '2.20.3' ],
25 silly audit   '@aws-amplify/codegen-ui-react': [ '2.20.3' ],
25 silly audit   '@aws-sdk/client-amplifyuibuilder': [ '3.864.0' ],
25 silly audit   '@graphql-codegen/schema-ast': [ '4.1.0' ],
25 silly audit   '@graphql-codegen/typescript': [ '4.1.6' ],
25 silly audit   '@types/lodash': [ '4.17.20' ],
25 silly audit   '@typescript/vfs': [ '1.3.6' ],
25 silly audit   'lodash-es': [ '4.17.21' ],
25 silly audit   nanoclone: [ '0.2.1' ],
25 silly audit   'property-expr': [ '2.0.6' ],
25 silly audit   toposort: [ '2.0.2' ],
25 silly audit   typescript: [ '4.4.4', '4.9.5', '5.9.2' ],
25 silly audit   yup: [ '0.32.11' ],
25 silly audit   '@aws-amplify/graphql-api-construct': [ '1.20.3' ],
25 silly audit   '@aws-amplify/model-generator': [ '1.2.0' ],
25 silly audit   '@opentelemetry/core': [ '2.0.1' ],
25 silly audit   '@opentelemetry/semantic-conventions': [ '1.36.0' ],
25 silly audit   '@aws-amplify/sandbox': [ '2.1.2' ],
25 silly audit   '@parcel/watcher': [ '2.5.1' ],
25 silly audit   '@parcel/watcher-android-arm64': [ '2.5.1' ],
25 silly audit   '@parcel/watcher-darwin-arm64': [ '2.5.1' ],
25 silly audit   '@parcel/watcher-darwin-x64': [ '2.5.1' ],
25 silly audit   '@parcel/watcher-freebsd-x64': [ '2.5.1' ],
25 silly audit   '@parcel/watcher-linux-arm-glibc': [ '2.5.1' ],
25 silly audit   '@parcel/watcher-linux-arm-musl': [ '2.5.1' ],
25 silly audit   '@parcel/watcher-linux-arm64-glibc': [ '2.5.1' ],
25 silly audit   '@parcel/watcher-linux-arm64-musl': [ '2.5.1' ],
25 silly audit   '@parcel/watcher-linux-x64-glibc': [ '2.5.1' ],
25 silly audit   '@parcel/watcher-linux-x64-musl': [ '2.5.1' ],
25 silly audit   '@parcel/watcher-win32-arm64': [ '2.5.1' ],
25 silly audit   '@parcel/watcher-win32-ia32': [ '2.5.1' ],
25 silly audit   '@parcel/watcher-win32-x64': [ '2.5.1' ],
25 silly audit   'debounce-promise': [ '3.1.2' ],
25 silly audit   'detect-libc': [ '1.0.3' ],
25 silly audit   'node-addon-api': [ '7.1.1' ],
25 silly audit   'parse-gitignore': [ '2.0.0' ],
25 silly audit   '@aws-amplify/schema-generator': [ '1.4.0' ],
25 silly audit   '@aws-amplify/graphql-schema-generator': [ '0.11.12' ],
25 silly audit   '@aws-sdk/client-ec2': [ '3.624.0', '3.864.0' ],
25 silly audit   '@aws-sdk/client-iam': [ '3.624.0', '3.864.0' ],
25 silly audit   '@aws-sdk/client-lambda': [ '3.624.0', '3.864.0' ],
25 silly audit   '@aws-sdk/client-rds': [ '3.624.0' ],
25 silly audit   '@aws-sdk/middleware-sdk-ec2': [ '3.622.0', '3.862.0' ],
25 silly audit   '@aws-sdk/middleware-sdk-rds': [ '3.620.0' ],
25 silly audit   '@aws-sdk/util-format-url': [ '3.609.0', '3.862.0' ],
25 silly audit   '@smithy/util-waiter': [ '3.2.0', '4.0.7' ],
25 silly audit   clone: [ '1.0.4' ],
25 silly audit   colorette: [ '2.0.19' ],
25 silly audit   commander: [ '9.5.0', '4.1.1' ],
25 silly audit   'csv-parse': [ '5.6.0' ],
25 silly audit   debug: [ '4.3.4', '4.4.1' ],
25 silly audit   defaults: [ '1.0.4' ],
25 silly audit   denque: [ '2.1.0' ],
25 silly audit   escalade: [ '3.2.0' ],
25 silly audit   'escape-string-regexp': [ '1.0.5' ],
25 silly audit   esm: [ '3.2.25' ],
25 silly audit   'generate-function': [ '2.3.1' ],
25 silly audit   'get-package-type': [ '0.1.0' ],
25 silly audit   getopts: [ '2.3.0' ],
25 silly audit   interpret: [ '2.2.0' ],
25 silly audit   'is-property': [ '1.0.2' ],
25 silly audit   knex: [ '2.4.2' ],
25 silly audit   'color-convert': [ '1.9.3', '2.0.1' ],
25 silly audit   'color-name': [ '1.1.3', '1.1.4' ],
25 silly audit   'has-flag': [ '3.0.0', '4.0.0' ],
25 silly audit   'supports-color': [ '5.5.0', '7.2.0' ],
25 silly audit   long: [ '5.3.2' ],
25 silly audit   'mimic-fn': [ '2.1.0' ],
25 silly audit   ms: [ '2.1.2', '2.1.3' ],
25 silly audit   mysql2: [ '3.9.9' ],
25 silly audit   'named-placeholders': [ '1.1.3' ],
25 silly audit   pg: [ '8.11.6' ],
25 silly audit   'pg-cloudflare': [ '1.2.7' ],
25 silly audit   'pg-connection-string': [ '2.5.0', '2.9.1' ],
25 silly audit   'pg-int8': [ '1.0.1' ],
25 silly audit   'pg-pool': [ '3.10.1' ],
25 silly audit   'pg-protocol': [ '1.10.3' ],
25 silly audit   'pg-types': [ '2.2.0' ],
25 silly audit   pgpass: [ '1.0.5' ],
25 silly audit   'postgres-array': [ '2.0.0' ],
25 silly audit   'postgres-bytea': [ '1.0.0' ],
25 silly audit   'postgres-date': [ '1.0.7' ],
25 silly audit   'postgres-interval': [ '1.2.0' ],
25 silly audit   rechoir: [ '0.8.0' ],
25 silly audit   'resolve-from': [ '5.0.0' ],
25 silly audit   'seq-queue': [ '0.0.5' ],
25 silly audit   'signal-exit': [ '3.0.7', '4.1.0' ],
25 silly audit   sqlstring: [ '2.3.3' ],
25 silly audit   tarn: [ '3.0.2' ],
25 silly audit   tildify: [ '2.0.0' ],
25 silly audit   wcwidth: [ '1.0.1' ],
25 silly audit   xtend: [ '4.0.2' ],
25 silly audit   '@aws-amplify/ui-react': [ '6.11.2' ],
25 silly audit   '@aws-amplify/ui-react-core': [ '3.4.3' ],
25 silly audit   '@aws-amplify/ui': [ '6.10.3' ],
25 silly audit   '@xstate/react': [ '3.2.2' ],
25 silly audit   'react-hook-form': [ '7.62.0' ],
25 silly audit   'use-isomorphic-layout-effect': [ '1.2.1' ],
25 silly audit   'use-sync-external-store': [ '1.5.0' ],
25 silly audit   xstate: [ '4.38.3' ],
25 silly audit   '@aws-cdk/aws-service-spec': [ '0.1.91' ],
25 silly audit   '@aws-cdk/service-spec-types': [ '0.0.157', '0.0.152' ],
25 silly audit   jsonschema: [ '1.5.0', '1.4.1' ],
25 silly audit   '@aws-cdk/cloudformation-diff': [ '2.183.0' ],
25 silly audit   '@aws-cdk/cx-api': [ '2.210.0' ],
25 silly audit   '@aws-cdk/region-info': [ '2.210.0' ],
25 silly audit   '@aws-sdk/client-amplify': [ '3.864.0' ],
25 silly audit   '@aws-sdk/client-appsync': [ '3.864.0' ],
25 silly audit   '@aws-sdk/client-cloudcontrol': [ '3.864.0' ],
25 silly audit   '@aws-sdk/client-cloudformation': [ '3.864.0' ],
25 silly audit   '@aws-sdk/client-cloudwatch-logs': [ '3.864.0' ],
25 silly audit   '@aws-sdk/client-codebuild': [ '3.864.0' ],
25 silly audit   '@aws-sdk/client-ecr': [ '3.864.0' ],
25 silly audit   '@aws-sdk/client-ecs': [ '3.864.0' ],
25 silly audit   '@aws-sdk/client-elastic-load-balancing-v2': [ '3.864.0' ],
25 silly audit   '@aws-sdk/client-kms': [ '3.864.0' ],
25 silly audit   '@aws-sdk/client-route-53': [ '3.864.0' ],
25 silly audit   '@aws-sdk/client-s3': [ '3.864.0' ],
25 silly audit   '@aws-crypto/crc32c': [ '5.2.0' ],
25 silly audit   '@aws-crypto/sha1-browser': [ '5.2.0' ],
25 silly audit   '@aws-sdk/middleware-bucket-endpoint': [ '3.862.0' ],
25 silly audit   '@aws-sdk/middleware-expect-continue': [ '3.862.0' ],
25 silly audit   '@aws-sdk/middleware-flexible-checksums': [ '3.864.0' ],
25 silly audit   '@aws-sdk/middleware-location-constraint': [ '3.862.0' ],
25 silly audit   '@aws-sdk/middleware-sdk-s3': [ '3.864.0' ],
25 silly audit   '@aws-sdk/middleware-ssec': [ '3.862.0' ],
25 silly audit   '@aws-sdk/signature-v4-multi-region': [ '3.864.0' ],
25 silly audit   '@smithy/chunked-blob-reader': [ '5.0.0' ],
25 silly audit   '@smithy/chunked-blob-reader-native': [ '4.0.0' ],
25 silly audit   '@smithy/hash-blob-browser': [ '4.0.5' ],
25 silly audit   '@smithy/hash-stream-node': [ '4.0.5' ],
25 silly audit   '@smithy/md5-js': [ '4.0.5', '2.0.7' ],
25 silly audit   '@aws-sdk/client-secrets-manager': [ '3.864.0' ],
25 silly audit   '@aws-sdk/client-sfn': [ '3.864.0' ],
25 silly audit   '@aws-sdk/client-ssm': [ '3.864.0' ],
25 silly audit   '@aws-sdk/credential-providers': [ '3.864.0' ],
25 silly audit   '@aws-sdk/client-cognito-identity': [ '3.864.0' ],
25 silly audit   '@aws-sdk/credential-provider-cognito-identity': [ '3.864.0' ],
25 silly audit   '@aws-sdk/ec2-metadata-service': [ '3.864.0' ],
25 silly audit   '@aws-sdk/eventstream-handler-node': [ '3.821.0' ],
25 silly audit   '@aws-sdk/lib-storage': [ '3.864.0' ],
25 silly audit   '@aws-sdk/middleware-eventstream': [ '3.821.0' ],
25 silly audit   '@aws-sdk/middleware-sdk-route53': [ '3.862.0' ],
25 silly audit   '@babel/runtime': [ '7.28.2' ],
25 silly audit   '@cdklabs/tskb': [ '0.0.3' ],
25 silly audit   '@ewoudenberg/difflib': [ '0.1.0' ],
25 silly audit   '@isaacs/balanced-match': [ '4.0.1' ],
25 silly audit   '@isaacs/brace-expansion': [ '5.0.0' ],
25 silly audit   '@isaacs/cliui': [ '8.0.2' ],
25 silly audit   '@next/env': [ '14.2.10' ],
25 silly audit   '@next/swc-darwin-arm64': [ '14.2.10' ],
25 silly audit   '@next/swc-darwin-x64': [ '14.2.10' ],
25 silly audit   '@next/swc-linux-arm64-gnu': [ '14.2.10' ],
25 silly audit   '@next/swc-linux-arm64-musl': [ '14.2.10' ],
25 silly audit   '@next/swc-linux-x64-gnu': [ '14.2.10' ],
25 silly audit   '@next/swc-linux-x64-musl': [ '14.2.10' ],
25 silly audit   '@next/swc-win32-arm64-msvc': [ '14.2.10' ],
25 silly audit   '@next/swc-win32-ia32-msvc': [ '14.2.10' ],
25 silly audit   '@next/swc-win32-x64-msvc': [ '14.2.10' ],
25 silly audit   '@opentelemetry/api': [ '1.9.0' ],
25 silly audit   '@opentelemetry/context-async-hooks': [ '2.0.1' ],
25 silly audit   '@opentelemetry/sdk-trace-base': [ '2.0.1' ],
25 silly audit   '@opentelemetry/resources': [ '2.0.1' ],
25 silly audit   '@pkgjs/parseargs': [ '0.11.0' ],
25 silly audit   '@radix-ui/primitive': [ '1.1.2' ],
25 silly audit   '@radix-ui/react-avatar': [ '1.1.10' ],
25 silly audit   '@radix-ui/react-compose-refs': [ '1.1.2' ],
25 silly audit   '@radix-ui/react-context': [ '1.1.2' ],
25 silly audit   '@radix-ui/react-dialog': [ '1.1.14' ],
25 silly audit   '@radix-ui/react-direction': [ '1.1.1' ],
25 silly audit   '@radix-ui/react-dismissable-layer': [ '1.1.10' ],
25 silly audit   '@radix-ui/react-use-escape-keydown': [ '1.1.1' ],
25 silly audit   '@radix-ui/react-dropdown-menu': [ '2.1.15' ],
25 silly audit   '@floating-ui/core': [ '1.7.3' ],
25 silly audit   '@floating-ui/dom': [ '1.7.3' ],
25 silly audit   '@floating-ui/react-dom': [ '2.1.5' ],
25 silly audit   '@floating-ui/utils': [ '0.2.10' ],
25 silly audit   '@radix-ui/react-arrow': [ '1.1.7' ],
25 silly audit   '@radix-ui/react-collection': [ '1.1.7' ],
25 silly audit   '@radix-ui/react-menu': [ '2.1.15' ],
25 silly audit   '@radix-ui/react-popper': [ '1.2.7' ],
25 silly audit   '@radix-ui/react-use-rect': [ '1.1.1' ],
25 silly audit   '@radix-ui/react-use-size': [ '1.1.1' ],
25 silly audit   '@radix-ui/rect': [ '1.1.1' ],
25 silly audit   '@radix-ui/react-focus-guards': [ '1.1.2' ],
25 silly audit   '@radix-ui/react-focus-scope': [ '1.1.7' ],
25 silly audit   '@radix-ui/react-id': [ '1.1.1' ],
25 silly audit   '@radix-ui/react-portal': [ '1.1.9' ],
25 silly audit   '@radix-ui/react-presence': [ '1.1.4' ],
25 silly audit   '@radix-ui/react-primitive': [ '2.1.3' ],
25 silly audit   '@radix-ui/react-roving-focus': [ '1.1.10' ],
25 silly audit   '@radix-ui/react-slider': [ '1.3.5' ],
25 silly audit   '@radix-ui/number': [ '1.1.1' ],
25 silly audit   '@radix-ui/react-use-previous': [ '1.1.1' ],
25 silly audit   '@radix-ui/react-slot': [ '1.2.3' ],
25 silly audit   '@radix-ui/react-tabs': [ '1.1.12' ],
25 silly audit   '@radix-ui/react-use-callback-ref': [ '1.1.1' ],
25 silly audit   '@radix-ui/react-use-controllable-state': [ '1.2.2' ],
25 silly audit   '@radix-ui/react-use-effect-event': [ '0.0.2' ],
25 silly audit   '@radix-ui/react-use-is-hydrated': [ '0.1.0' ],
25 silly audit   '@radix-ui/react-use-layout-effect': [ '1.1.1' ],
25 silly audit   '@swc/helpers': [ '0.5.5' ],
25 silly audit   '@swc/counter': [ '0.1.3' ],
25 silly audit   '@tootallnate/quickjs-emscripten': [ '0.23.0' ],
25 silly audit   '@types/node': [ '20.19.10' ],
25 silly audit   '@types/react': [ '18.3.23' ],
25 silly audit   '@types/react-dom': [ '18.3.7' ],
25 silly audit   'abort-controller': [ '3.0.0' ],
25 silly audit   'agent-base': [ '7.1.4' ],
25 silly audit   ajv: [ '8.17.1' ],
25 silly audit   archiver: [ '7.0.1' ],
25 silly audit   'archiver-utils': [ '5.0.2' ],
25 silly audit   jackspeak: [ '3.4.3', '4.1.1' ],
25 silly audit   'path-scurry': [ '1.11.1', '2.0.0' ],
25 silly audit   arg: [ '5.0.2' ],
25 silly audit   'aria-hidden': [ '1.2.6' ],
25 silly audit   'ast-types': [ '0.13.4' ],
25 silly audit   'astral-regex': [ '2.0.0' ],
25 silly audit   async: [ '3.2.6' ],
25 silly audit   'at-least-node': [ '1.0.0' ],
25 silly audit   autoprefixer: [ '10.4.21' ],
25 silly audit   'aws-amplify': [ '6.15.5' ],
25 silly audit   '@aws-amplify/analytics': [ '7.0.86' ],
25 silly audit   '@aws-amplify/api': [ '6.3.17' ],
25 silly audit   '@aws-amplify/api-graphql': [ '4.7.21' ],
25 silly audit   '@aws-amplify/api-rest': [ '4.3.0' ],
25 silly audit   '@aws-amplify/auth': [ '6.15.0' ],
25 silly audit   '@aws-amplify/datastore': [ '5.0.88' ],
25 silly audit   '@aws-amplify/notifications': [ '2.0.86' ],
25 silly audit   '@aws-amplify/storage': [ '6.9.5' ],
25 silly audit   '@aws-sdk/client-firehose': [ '3.621.0' ],
25 silly audit   '@aws-sdk/client-kinesis': [ '3.621.0' ],
25 silly audit   '@aws-sdk/client-personalize-events': [ '3.621.0' ],
25 silly audit   buffer: [ '4.9.2', '5.6.0', '6.0.3' ],
25 silly audit   idb: [ '5.0.6' ],
25 silly audit   ulid: [ '2.4.0' ],
25 silly audit   'aws-cdk': [ '2.1024.0' ],
25 silly audit   'aws-cdk-lib': [ '2.210.0' ],
25 silly audit   '@aws-cdk/asset-awscli-v1': [ '2.2.242' ],
25 silly audit   '@aws-cdk/asset-node-proxy-agent-v6': [ '2.1.0' ],
25 silly audit   'balanced-match': [ '1.0.2' ],
25 silly audit   'fast-deep-equal': [ '3.1.3' ],
25 silly audit   'fast-uri': [ '3.0.6' ],
25 silly audit   'is-fullwidth-code-point': [ '3.0.0' ],
25 silly audit   'json-schema-traverse': [ '1.0.0' ],
25 silly audit   'lodash.truncate': [ '4.4.2' ],
25 silly audit   'require-from-string': [ '2.0.2' ],
25 silly audit   'slice-ansi': [ '4.0.0' ],
25 silly audit   table: [ '6.9.0' ],
25 silly audit   yaml: [ '2.8.1', '1.10.2' ],
25 silly audit   b4a: [ '1.6.7' ],
25 silly audit   'bare-events': [ '2.6.1' ],
25 silly audit   'base64-js': [ '1.5.1' ],
25 silly audit   'basic-ftp': [ '5.0.5' ],
25 silly audit   browserslist: [ '4.25.2' ],
25 silly audit   'electron-to-chromium': [ '1.5.199' ],
25 silly audit   'node-releases': [ '2.0.19' ],
25 silly audit   'update-browserslist-db': [ '1.1.3' ],
25 silly audit   'buffer-crc32': [ '1.0.0' ],
25 silly audit   busboy: [ '1.6.0' ],
25 silly audit   streamsearch: [ '1.1.0' ],
25 silly audit   camelcase: [ '6.3.0', '5.3.1' ],
25 silly audit   'caniuse-lite': [ '1.0.30001734' ],
25 silly audit   'cdk-assets': [ '3.3.1' ],
25 silly audit   chokidar: [ '3.6.0' ],
25 silly audit   anymatch: [ '3.1.3' ],
25 silly audit   'binary-extensions': [ '2.3.0' ],
25 silly audit   braces: [ '3.0.3' ],
25 silly audit   'fill-range': [ '7.1.1' ],
25 silly audit   'glob-parent': [ '5.1.2', '6.0.2' ],
25 silly audit   'is-binary-path': [ '2.1.0' ],
25 silly audit   'is-number': [ '7.0.0' ],
25 silly audit   picomatch: [ '2.3.1' ],
25 silly audit   readdirp: [ '3.6.0' ],
25 silly audit   'to-regex-range': [ '5.0.1' ],
25 silly audit   cliui: [ '6.0.0', '8.0.1' ],
25 silly audit   colors: [ '1.4.0' ],
25 silly audit   'compress-commons': [ '6.0.2' ],
25 silly audit   constructs: [ '10.4.2' ],
25 silly audit   'core-util-is': [ '1.0.3' ],
25 silly audit   'crc-32': [ '1.2.2' ],
25 silly audit   'crc32-stream': [ '6.0.0' ],
25 silly audit   'cross-spawn': [ '7.0.6' ],
25 silly audit   csstype: [ '3.1.3' ],
25 silly audit   'date-fns': [ '4.1.0' ],
25 silly audit   degenerator: [ '5.0.1' ],
25 silly audit   didyoumean: [ '1.2.2' ],
25 silly audit   diff: [ '7.0.0' ],
25 silly audit   dlv: [ '1.1.3' ],
25 silly audit   dreamopt: [ '0.8.0' ],
25 silly audit   eastasianwidth: [ '0.2.0' ],
25 silly audit   envinfo: [ '7.14.0' ],
25 silly audit   escodegen: [ '2.1.0' ],
25 silly audit   esprima: [ '4.0.1' ],
25 silly audit   estraverse: [ '5.3.0' ],
25 silly audit   esutils: [ '2.0.3' ],
25 silly audit   'event-target-shim': [ '5.0.1' ],
25 silly audit   events: [ '3.3.0' ],
25 silly audit   execa: [ '9.6.0' ],
25 silly audit   '@sec-ant/readable-stream': [ '0.4.1' ],
25 silly audit   '@sindresorhus/merge-streams': [ '4.0.0' ],
25 silly audit   figures: [ '6.1.0' ],
25 silly audit   'get-stream': [ '9.0.1' ],
25 silly audit   'human-signals': [ '8.0.1' ],
25 silly audit   'is-plain-obj': [ '4.1.0' ],
25 silly audit   'is-stream': [ '4.0.1', '2.0.1' ],
25 silly audit   'npm-run-path': [ '6.0.0' ],
25 silly audit   'path-key': [ '4.0.0', '3.1.1' ],
25 silly audit   'parse-ms': [ '4.0.0' ],
25 silly audit   'pretty-ms': [ '9.2.0' ],
25 silly audit   'strip-final-newline': [ '4.0.0' ],
25 silly audit   'unicorn-magic': [ '0.3.0' ],
25 silly audit   yoctocolors: [ '2.1.1' ],
25 silly audit   'fast-fifo': [ '1.3.2' ],
25 silly audit   'fast-glob': [ '3.3.3' ],
25 silly audit   '@nodelib/fs.scandir': [ '2.1.5' ],
25 silly audit   '@nodelib/fs.stat': [ '2.0.5' ],
25 silly audit   '@nodelib/fs.walk': [ '1.2.8' ],
25 silly audit   fastq: [ '1.19.1' ],
25 silly audit   'queue-microtask': [ '1.2.3' ],
25 silly audit   reusify: [ '1.1.0' ],
25 silly audit   'run-parallel': [ '1.2.0' ],
25 silly audit   'find-up': [ '4.1.0' ],
25 silly audit   'foreground-child': [ '3.3.1' ],
25 silly audit   'fraction.js': [ '4.3.7' ],
25 silly audit   'framer-motion': [ '12.23.12' ],
25 silly audit   'get-caller-file': [ '2.0.5' ],
25 silly audit   'get-tsconfig': [ '4.10.1' ],
25 silly audit   'resolve-pkg-maps': [ '1.0.0' ],
25 silly audit   'get-uri': [ '6.0.5' ],
25 silly audit   heap: [ '0.2.7' ],
25 silly audit   'http-proxy-agent': [ '7.0.2' ],
25 silly audit   'https-proxy-agent': [ '7.0.6' ],
25 silly audit   ieee754: [ '1.2.1' ],
25 silly audit   inherits: [ '2.0.4' ],
25 silly audit   'ip-address': [ '9.0.5' ],
25 silly audit   'is-glob': [ '4.0.3' ],
25 silly audit   'is-extglob': [ '2.1.1' ],
25 silly audit   isexe: [ '2.0.0' ],
25 silly audit   jiti: [ '1.21.7' ],
25 silly audit   'js-cookie': [ '3.0.5' ],
25 silly audit   jsbn: [ '1.1.0' ],
25 silly audit   'json-diff': [ '1.0.6' ],
25 silly audit   'json-schema-to-ts': [ '3.1.1' ],
25 silly audit   lazystream: [ '1.0.1' ],
25 silly audit   'readable-stream': [ '2.3.8', '4.7.0', '3.6.2' ],
25 silly audit   'safe-buffer': [ '5.1.2', '5.2.1' ],
25 silly audit   string_decoder: [ '1.1.1', '1.3.0' ],
25 silly audit   lilconfig: [ '3.1.3' ],
25 silly audit   'locate-path': [ '5.0.0' ],
25 silly audit   'lucide-react': [ '0.536.0' ],
25 silly audit   micromatch: [ '4.0.8' ],
25 silly audit   mime: [ '2.6.0' ],
25 silly audit   minipass: [ '7.1.2' ],
25 silly audit   'motion-dom': [ '12.23.12' ],
25 silly audit   'motion-utils': [ '12.23.6' ],
25 silly audit   netmask: [ '2.0.2' ],
25 silly audit   next: [ '14.2.10' ],
25 silly audit   nanoid: [ '3.3.11' ],
25 silly audit   postcss: [ '8.4.31', '8.5.6' ],
25 silly audit   'source-map-js': [ '1.2.1' ],
25 silly audit   'normalize-path': [ '3.0.0' ],
25 silly audit   'normalize-range': [ '0.1.2' ],
25 silly audit   open: [ '10.2.0' ],
25 silly audit   'bundle-name': [ '4.1.0' ],
25 silly audit   'default-browser': [ '5.2.1' ],
25 silly audit   'default-browser-id': [ '5.0.0' ],
25 silly audit   'define-lazy-prop': [ '3.0.0' ],
25 silly audit   'is-docker': [ '3.0.0' ],
25 silly audit   'is-inside-container': [ '1.0.0' ],
25 silly audit   'is-wsl': [ '3.1.0' ],
25 silly audit   'run-applescript': [ '7.0.0' ],
25 silly audit   'wsl-utils': [ '0.1.0' ],
25 silly audit   'p-limit': [ '3.1.0', '2.3.0' ],
25 silly audit   'p-locate': [ '4.1.0' ],
25 silly audit   'p-try': [ '2.2.0' ],
25 silly audit   'pac-proxy-agent': [ '7.2.0' ],
25 silly audit   'pac-resolver': [ '7.0.1' ],
25 silly audit   'package-json-from-dist': [ '1.0.1' ],
25 silly audit   'path-exists': [ '4.0.0' ],
25 silly audit   picocolors: [ '1.1.1' ],
25 silly audit   'postcss-import': [ '15.1.0' ],
25 silly audit   pify: [ '2.3.0' ],
25 silly audit   'read-cache': [ '1.0.0' ],
25 silly audit   'postcss-js': [ '4.0.1' ],
25 silly audit   'camelcase-css': [ '2.0.1' ],
25 silly audit   'postcss-nested': [ '6.2.0' ],
25 silly audit   'postcss-selector-parser': [ '6.1.2' ],
25 silly audit   cssesc: [ '3.0.0' ],
25 silly audit   'postcss-value-parser': [ '4.2.0' ],
25 silly audit   process: [ '0.11.10' ],
25 silly audit   'process-nextick-args': [ '2.0.1' ],
25 silly audit   promptly: [ '3.2.0' ],
25 silly audit   'proxy-agent': [ '6.5.0' ],
25 silly audit   'proxy-from-env': [ '1.1.0' ],
25 silly audit   qrcode: [ '1.5.0' ],
25 silly audit   dijkstrajs: [ '1.0.3' ],
25 silly audit   'encode-utf8': [ '1.0.3' ],
25 silly audit   pngjs: [ '5.0.0' ],
25 silly audit   react: [ '18.3.1' ],
25 silly audit   'react-dom': [ '18.3.1' ],
25 silly audit   scheduler: [ '0.23.2' ],
25 silly audit   'react-remove-scroll': [ '2.7.1' ],
25 silly audit   'detect-node-es': [ '1.1.0' ],
25 silly audit   'get-nonce': [ '1.0.1' ],
25 silly audit   'react-remove-scroll-bar': [ '2.3.8' ],
25 silly audit   'react-style-singleton': [ '2.2.3' ],
25 silly audit   'use-callback-ref': [ '1.3.3' ],
25 silly audit   'use-sidecar': [ '1.1.3' ],
25 silly audit   read: [ '1.0.7' ],
25 silly audit   'readdir-glob': [ '1.1.3' ],
25 silly audit   'require-directory': [ '2.1.1' ],
25 silly audit   'require-main-filename': [ '2.0.0' ],
25 silly audit   resolve: [ '1.22.10' ],
25 silly audit   'is-core-module': [ '2.16.1' ],
25 silly audit   'path-parse': [ '1.0.7' ],
25 silly audit   'supports-preserve-symlinks-flag': [ '1.0.0' ],
25 silly audit   rxjs: [ '7.8.2' ],
25 silly audit   'set-blocking': [ '2.0.0' ],
25 silly audit   'shebang-command': [ '2.0.0' ],
25 silly audit   'shebang-regex': [ '3.0.0' ],
25 silly audit   'smart-buffer': [ '4.2.0' ],
25 silly audit   socks: [ '2.8.6' ],
25 silly audit   'socks-proxy-agent': [ '8.0.5' ],
25 silly audit   split2: [ '4.2.0' ],
25 silly audit   'sprintf-js': [ '1.1.3' ],
25 silly audit   'stream-browserify': [ '3.0.0' ],
25 silly audit   streamx: [ '2.22.1' ],
25 silly audit   'styled-jsx': [ '5.1.1' ],
25 silly audit   'client-only': [ '0.0.1' ],
25 silly audit   sucrase: [ '3.35.0' ],
25 silly audit   'any-promise': [ '1.3.0' ],
25 silly audit   'lines-and-columns': [ '1.2.4' ],
25 silly audit   mz: [ '2.7.0' ],
25 silly audit   pirates: [ '4.0.7' ],
25 silly audit   thenify: [ '3.3.1' ],
25 silly audit   'thenify-all': [ '1.6.0' ],
25 silly audit   'ts-interface-checker': [ '0.1.13' ],
25 silly audit   tailwindcss: [ '3.4.17' ],
25 silly audit   'postcss-load-config': [ '4.0.2' ],
25 silly audit   'tar-stream': [ '3.1.7' ],
25 silly audit   'text-decoder': [ '1.2.3' ],
25 silly audit   'ts-algebra': [ '2.0.0' ],
25 silly audit   'undici-types': [ '6.21.0' ],
25 silly audit   'util-deprecate': [ '1.0.2' ],
25 silly audit   which: [ '2.0.2' ],
25 silly audit   'which-module': [ '2.0.1' ],
25 silly audit   wordwrap: [ '1.0.0' ],
25 silly audit   y18n: [ '4.0.3', '5.0.8' ],
25 silly audit   'yargs-parser': [ '18.1.3', '21.1.1' ],
25 silly audit   'yocto-queue': [ '0.1.0' ],
25 silly audit   'zip-stream': [ '6.0.1' ],
25 silly audit   case: [ '1.6.3' ],
25 silly audit   'mime-db': [ '1.52.0' ],
25 silly audit   'mime-types': [ '2.1.35' ],
25 silly audit   punycode: [ '2.3.1' ],
25 silly audit   '@balena/dockerignore': [ '1.0.2' ]
25 silly audit }
26 verbose reify failed optional dependency /Users/ricardo/Documents/Dev/CHI/HR-portal/node_modules/@next/swc-win32-x64-msvc
27 silly reify mark deleted [
27 silly reify   '/Users/ricardo/Documents/Dev/CHI/HR-portal/node_modules/@next/swc-win32-x64-msvc'
27 silly reify ]
28 verbose reify failed optional dependency /Users/ricardo/Documents/Dev/CHI/HR-portal/node_modules/@next/swc-win32-ia32-msvc
29 silly reify mark deleted [
29 silly reify   '/Users/ricardo/Documents/Dev/CHI/HR-portal/node_modules/@next/swc-win32-ia32-msvc'
29 silly reify ]
30 verbose reify failed optional dependency /Users/ricardo/Documents/Dev/CHI/HR-portal/node_modules/@next/swc-win32-arm64-msvc
31 silly reify mark deleted [
31 silly reify   '/Users/ricardo/Documents/Dev/CHI/HR-portal/node_modules/@next/swc-win32-arm64-msvc'
31 silly reify ]
32 verbose reify failed optional dependency /Users/ricardo/Documents/Dev/CHI/HR-portal/node_modules/@next/swc-linux-x64-musl
33 silly reify mark deleted [
33 silly reify   '/Users/ricardo/Documents/Dev/CHI/HR-portal/node_modules/@next/swc-linux-x64-musl'
33 silly reify ]
34 verbose reify failed optional dependency /Users/ricardo/Documents/Dev/CHI/HR-portal/node_modules/@next/swc-linux-x64-gnu
35 silly reify mark deleted [
35 silly reify   '/Users/ricardo/Documents/Dev/CHI/HR-portal/node_modules/@next/swc-linux-x64-gnu'
35 silly reify ]
36 verbose reify failed optional dependency /Users/ricardo/Documents/Dev/CHI/HR-portal/node_modules/@next/swc-linux-arm64-musl
37 silly reify mark deleted [
37 silly reify   '/Users/ricardo/Documents/Dev/CHI/HR-portal/node_modules/@next/swc-linux-arm64-musl'
37 silly reify ]
38 verbose reify failed optional dependency /Users/ricardo/Documents/Dev/CHI/HR-portal/node_modules/@next/swc-linux-arm64-gnu
39 silly reify mark deleted [
39 silly reify   '/Users/ricardo/Documents/Dev/CHI/HR-portal/node_modules/@next/swc-linux-arm64-gnu'
39 silly reify ]
40 verbose reify failed optional dependency /Users/ricardo/Documents/Dev/CHI/HR-portal/node_modules/@next/swc-darwin-x64
41 silly reify mark deleted [
41 silly reify   '/Users/ricardo/Documents/Dev/CHI/HR-portal/node_modules/@next/swc-darwin-x64'
41 silly reify ]
42 verbose reify failed optional dependency /Users/ricardo/Documents/Dev/CHI/HR-portal/node_modules/@esbuild/win32-x64
43 silly reify mark deleted [
43 silly reify   '/Users/ricardo/Documents/Dev/CHI/HR-portal/node_modules/@esbuild/win32-x64'
43 silly reify ]
44 verbose reify failed optional dependency /Users/ricardo/Documents/Dev/CHI/HR-portal/node_modules/@esbuild/win32-ia32
45 silly reify mark deleted [
45 silly reify   '/Users/ricardo/Documents/Dev/CHI/HR-portal/node_modules/@esbuild/win32-ia32'
45 silly reify ]
46 verbose reify failed optional dependency /Users/ricardo/Documents/Dev/CHI/HR-portal/node_modules/@esbuild/win32-arm64
47 silly reify mark deleted [
47 silly reify   '/Users/ricardo/Documents/Dev/CHI/HR-portal/node_modules/@esbuild/win32-arm64'
47 silly reify ]
48 verbose reify failed optional dependency /Users/ricardo/Documents/Dev/CHI/HR-portal/node_modules/@esbuild/sunos-x64
49 silly reify mark deleted [
49 silly reify   '/Users/ricardo/Documents/Dev/CHI/HR-portal/node_modules/@esbuild/sunos-x64'
49 silly reify ]
50 verbose reify failed optional dependency /Users/ricardo/Documents/Dev/CHI/HR-portal/node_modules/@esbuild/openbsd-x64
51 silly reify mark deleted [
51 silly reify   '/Users/ricardo/Documents/Dev/CHI/HR-portal/node_modules/@esbuild/openbsd-x64'
51 silly reify ]
52 verbose reify failed optional dependency /Users/ricardo/Documents/Dev/CHI/HR-portal/node_modules/@esbuild/openbsd-arm64
53 silly reify mark deleted [
53 silly reify   '/Users/ricardo/Documents/Dev/CHI/HR-portal/node_modules/@esbuild/openbsd-arm64'
53 silly reify ]
54 verbose reify failed optional dependency /Users/ricardo/Documents/Dev/CHI/HR-portal/node_modules/@esbuild/netbsd-x64
55 silly reify mark deleted [
55 silly reify   '/Users/ricardo/Documents/Dev/CHI/HR-portal/node_modules/@esbuild/netbsd-x64'
55 silly reify ]
56 verbose reify failed optional dependency /Users/ricardo/Documents/Dev/CHI/HR-portal/node_modules/@esbuild/linux-x64
57 silly reify mark deleted [
57 silly reify   '/Users/ricardo/Documents/Dev/CHI/HR-portal/node_modules/@esbuild/linux-x64'
57 silly reify ]
58 verbose reify failed optional dependency /Users/ricardo/Documents/Dev/CHI/HR-portal/node_modules/@esbuild/linux-s390x
59 silly reify mark deleted [
59 silly reify   '/Users/ricardo/Documents/Dev/CHI/HR-portal/node_modules/@esbuild/linux-s390x'
59 silly reify ]
60 verbose reify failed optional dependency /Users/ricardo/Documents/Dev/CHI/HR-portal/node_modules/@esbuild/linux-riscv64
61 silly reify mark deleted [
61 silly reify   '/Users/ricardo/Documents/Dev/CHI/HR-portal/node_modules/@esbuild/linux-riscv64'
61 silly reify ]
62 verbose reify failed optional dependency /Users/ricardo/Documents/Dev/CHI/HR-portal/node_modules/@esbuild/linux-ppc64
63 silly reify mark deleted [
63 silly reify   '/Users/ricardo/Documents/Dev/CHI/HR-portal/node_modules/@esbuild/linux-ppc64'
63 silly reify ]
64 verbose reify failed optional dependency /Users/ricardo/Documents/Dev/CHI/HR-portal/node_modules/@esbuild/linux-mips64el
65 silly reify mark deleted [
65 silly reify   '/Users/ricardo/Documents/Dev/CHI/HR-portal/node_modules/@esbuild/linux-mips64el'
65 silly reify ]
66 verbose reify failed optional dependency /Users/ricardo/Documents/Dev/CHI/HR-portal/node_modules/@esbuild/linux-loong64
67 silly reify mark deleted [
67 silly reify   '/Users/ricardo/Documents/Dev/CHI/HR-portal/node_modules/@esbuild/linux-loong64'
67 silly reify ]
68 verbose reify failed optional dependency /Users/ricardo/Documents/Dev/CHI/HR-portal/node_modules/@esbuild/linux-ia32
69 silly reify mark deleted [
69 silly reify   '/Users/ricardo/Documents/Dev/CHI/HR-portal/node_modules/@esbuild/linux-ia32'
69 silly reify ]
70 verbose reify failed optional dependency /Users/ricardo/Documents/Dev/CHI/HR-portal/node_modules/@esbuild/linux-arm64
71 silly reify mark deleted [
71 silly reify   '/Users/ricardo/Documents/Dev/CHI/HR-portal/node_modules/@esbuild/linux-arm64'
71 silly reify ]
72 verbose reify failed optional dependency /Users/ricardo/Documents/Dev/CHI/HR-portal/node_modules/@esbuild/linux-arm
73 silly reify mark deleted [
73 silly reify   '/Users/ricardo/Documents/Dev/CHI/HR-portal/node_modules/@esbuild/linux-arm'
73 silly reify ]
74 verbose reify failed optional dependency /Users/ricardo/Documents/Dev/CHI/HR-portal/node_modules/@esbuild/freebsd-x64
75 silly reify mark deleted [
75 silly reify   '/Users/ricardo/Documents/Dev/CHI/HR-portal/node_modules/@esbuild/freebsd-x64'
75 silly reify ]
76 verbose reify failed optional dependency /Users/ricardo/Documents/Dev/CHI/HR-portal/node_modules/@esbuild/freebsd-arm64
77 silly reify mark deleted [
77 silly reify   '/Users/ricardo/Documents/Dev/CHI/HR-portal/node_modules/@esbuild/freebsd-arm64'
77 silly reify ]
78 verbose reify failed optional dependency /Users/ricardo/Documents/Dev/CHI/HR-portal/node_modules/@esbuild/darwin-x64
79 silly reify mark deleted [
79 silly reify   '/Users/ricardo/Documents/Dev/CHI/HR-portal/node_modules/@esbuild/darwin-x64'
79 silly reify ]
80 verbose reify failed optional dependency /Users/ricardo/Documents/Dev/CHI/HR-portal/node_modules/@esbuild/android-x64
81 silly reify mark deleted [
81 silly reify   '/Users/ricardo/Documents/Dev/CHI/HR-portal/node_modules/@esbuild/android-x64'
81 silly reify ]
82 verbose reify failed optional dependency /Users/ricardo/Documents/Dev/CHI/HR-portal/node_modules/@esbuild/android-arm64
83 silly reify mark deleted [
83 silly reify   '/Users/ricardo/Documents/Dev/CHI/HR-portal/node_modules/@esbuild/android-arm64'
83 silly reify ]
84 verbose reify failed optional dependency /Users/ricardo/Documents/Dev/CHI/HR-portal/node_modules/@esbuild/android-arm
85 silly reify mark deleted [
85 silly reify   '/Users/ricardo/Documents/Dev/CHI/HR-portal/node_modules/@esbuild/android-arm'
85 silly reify ]
86 verbose reify failed optional dependency /Users/ricardo/Documents/Dev/CHI/HR-portal/node_modules/@esbuild/aix-ppc64
87 silly reify mark deleted [
87 silly reify   '/Users/ricardo/Documents/Dev/CHI/HR-portal/node_modules/@esbuild/aix-ppc64'
87 silly reify ]
88 verbose reify failed optional dependency /Users/ricardo/Documents/Dev/CHI/HR-portal/node_modules/@aws-amplify/sandbox/node_modules/@parcel/watcher-win32-x64
89 silly reify mark deleted [
89 silly reify   '/Users/ricardo/Documents/Dev/CHI/HR-portal/node_modules/@aws-amplify/sandbox/node_modules/@parcel/watcher-win32-x64'
89 silly reify ]
90 verbose reify failed optional dependency /Users/ricardo/Documents/Dev/CHI/HR-portal/node_modules/@aws-amplify/sandbox/node_modules/@parcel/watcher-win32-ia32
91 silly reify mark deleted [
91 silly reify   '/Users/ricardo/Documents/Dev/CHI/HR-portal/node_modules/@aws-amplify/sandbox/node_modules/@parcel/watcher-win32-ia32'
91 silly reify ]
92 verbose reify failed optional dependency /Users/ricardo/Documents/Dev/CHI/HR-portal/node_modules/@aws-amplify/sandbox/node_modules/@parcel/watcher-win32-arm64
93 silly reify mark deleted [
93 silly reify   '/Users/ricardo/Documents/Dev/CHI/HR-portal/node_modules/@aws-amplify/sandbox/node_modules/@parcel/watcher-win32-arm64'
93 silly reify ]
94 verbose reify failed optional dependency /Users/ricardo/Documents/Dev/CHI/HR-portal/node_modules/@aws-amplify/sandbox/node_modules/@parcel/watcher-linux-x64-musl
95 silly reify mark deleted [
95 silly reify   '/Users/ricardo/Documents/Dev/CHI/HR-portal/node_modules/@aws-amplify/sandbox/node_modules/@parcel/watcher-linux-x64-musl'
95 silly reify ]
96 verbose reify failed optional dependency /Users/ricardo/Documents/Dev/CHI/HR-portal/node_modules/@aws-amplify/sandbox/node_modules/@parcel/watcher-linux-x64-glibc
97 silly reify mark deleted [
97 silly reify   '/Users/ricardo/Documents/Dev/CHI/HR-portal/node_modules/@aws-amplify/sandbox/node_modules/@parcel/watcher-linux-x64-glibc'
97 silly reify ]
98 verbose reify failed optional dependency /Users/ricardo/Documents/Dev/CHI/HR-portal/node_modules/@aws-amplify/sandbox/node_modules/@parcel/watcher-linux-arm64-musl
99 silly reify mark deleted [
99 silly reify   '/Users/ricardo/Documents/Dev/CHI/HR-portal/node_modules/@aws-amplify/sandbox/node_modules/@parcel/watcher-linux-arm64-musl'
99 silly reify ]
100 verbose reify failed optional dependency /Users/ricardo/Documents/Dev/CHI/HR-portal/node_modules/@aws-amplify/sandbox/node_modules/@parcel/watcher-linux-arm64-glibc
101 silly reify mark deleted [
101 silly reify   '/Users/ricardo/Documents/Dev/CHI/HR-portal/node_modules/@aws-amplify/sandbox/node_modules/@parcel/watcher-linux-arm64-glibc'
101 silly reify ]
102 verbose reify failed optional dependency /Users/ricardo/Documents/Dev/CHI/HR-portal/node_modules/@aws-amplify/sandbox/node_modules/@parcel/watcher-linux-arm-musl
103 silly reify mark deleted [
103 silly reify   '/Users/ricardo/Documents/Dev/CHI/HR-portal/node_modules/@aws-amplify/sandbox/node_modules/@parcel/watcher-linux-arm-musl'
103 silly reify ]
104 verbose reify failed optional dependency /Users/ricardo/Documents/Dev/CHI/HR-portal/node_modules/@aws-amplify/sandbox/node_modules/@parcel/watcher-linux-arm-glibc
105 silly reify mark deleted [
105 silly reify   '/Users/ricardo/Documents/Dev/CHI/HR-portal/node_modules/@aws-amplify/sandbox/node_modules/@parcel/watcher-linux-arm-glibc'
105 silly reify ]
106 verbose reify failed optional dependency /Users/ricardo/Documents/Dev/CHI/HR-portal/node_modules/@aws-amplify/sandbox/node_modules/@parcel/watcher-freebsd-x64
107 silly reify mark deleted [
107 silly reify   '/Users/ricardo/Documents/Dev/CHI/HR-portal/node_modules/@aws-amplify/sandbox/node_modules/@parcel/watcher-freebsd-x64'
107 silly reify ]
108 verbose reify failed optional dependency /Users/ricardo/Documents/Dev/CHI/HR-portal/node_modules/@aws-amplify/sandbox/node_modules/@parcel/watcher-darwin-x64
109 silly reify mark deleted [
109 silly reify   '/Users/ricardo/Documents/Dev/CHI/HR-portal/node_modules/@aws-amplify/sandbox/node_modules/@parcel/watcher-darwin-x64'
109 silly reify ]
110 verbose reify failed optional dependency /Users/ricardo/Documents/Dev/CHI/HR-portal/node_modules/@aws-amplify/sandbox/node_modules/@parcel/watcher-android-arm64
111 silly reify mark deleted [
111 silly reify   '/Users/ricardo/Documents/Dev/CHI/HR-portal/node_modules/@aws-amplify/sandbox/node_modules/@parcel/watcher-android-arm64'
111 silly reify ]
112 verbose reify failed optional dependency /Users/ricardo/Documents/Dev/CHI/HR-portal/node_modules/@aws-amplify/backend-deployer/node_modules/@esbuild/win32-x64
113 silly reify mark deleted [
113 silly reify   '/Users/ricardo/Documents/Dev/CHI/HR-portal/node_modules/@aws-amplify/backend-deployer/node_modules/@esbuild/win32-x64'
113 silly reify ]
114 verbose reify failed optional dependency /Users/ricardo/Documents/Dev/CHI/HR-portal/node_modules/@aws-amplify/backend-deployer/node_modules/@esbuild/win32-ia32
115 silly reify mark deleted [
115 silly reify   '/Users/ricardo/Documents/Dev/CHI/HR-portal/node_modules/@aws-amplify/backend-deployer/node_modules/@esbuild/win32-ia32'
115 silly reify ]
116 verbose reify failed optional dependency /Users/ricardo/Documents/Dev/CHI/HR-portal/node_modules/@aws-amplify/backend-deployer/node_modules/@esbuild/win32-arm64
117 silly reify mark deleted [
117 silly reify   '/Users/ricardo/Documents/Dev/CHI/HR-portal/node_modules/@aws-amplify/backend-deployer/node_modules/@esbuild/win32-arm64'
117 silly reify ]
118 verbose reify failed optional dependency /Users/ricardo/Documents/Dev/CHI/HR-portal/node_modules/@aws-amplify/backend-deployer/node_modules/@esbuild/sunos-x64
119 silly reify mark deleted [
119 silly reify   '/Users/ricardo/Documents/Dev/CHI/HR-portal/node_modules/@aws-amplify/backend-deployer/node_modules/@esbuild/sunos-x64'
119 silly reify ]
120 verbose reify failed optional dependency /Users/ricardo/Documents/Dev/CHI/HR-portal/node_modules/@aws-amplify/backend-deployer/node_modules/@esbuild/openharmony-arm64
121 silly reify mark deleted [
121 silly reify   '/Users/ricardo/Documents/Dev/CHI/HR-portal/node_modules/@aws-amplify/backend-deployer/node_modules/@esbuild/openharmony-arm64'
121 silly reify ]
122 verbose reify failed optional dependency /Users/ricardo/Documents/Dev/CHI/HR-portal/node_modules/@aws-amplify/backend-deployer/node_modules/@esbuild/openbsd-x64
123 silly reify mark deleted [
123 silly reify   '/Users/ricardo/Documents/Dev/CHI/HR-portal/node_modules/@aws-amplify/backend-deployer/node_modules/@esbuild/openbsd-x64'
123 silly reify ]
124 verbose reify failed optional dependency /Users/ricardo/Documents/Dev/CHI/HR-portal/node_modules/@aws-amplify/backend-deployer/node_modules/@esbuild/openbsd-arm64
125 silly reify mark deleted [
125 silly reify   '/Users/ricardo/Documents/Dev/CHI/HR-portal/node_modules/@aws-amplify/backend-deployer/node_modules/@esbuild/openbsd-arm64'
125 silly reify ]
126 verbose reify failed optional dependency /Users/ricardo/Documents/Dev/CHI/HR-portal/node_modules/@aws-amplify/backend-deployer/node_modules/@esbuild/netbsd-x64
127 silly reify mark deleted [
127 silly reify   '/Users/ricardo/Documents/Dev/CHI/HR-portal/node_modules/@aws-amplify/backend-deployer/node_modules/@esbuild/netbsd-x64'
127 silly reify ]
128 verbose reify failed optional dependency /Users/ricardo/Documents/Dev/CHI/HR-portal/node_modules/@aws-amplify/backend-deployer/node_modules/@esbuild/netbsd-arm64
129 silly reify mark deleted [
129 silly reify   '/Users/ricardo/Documents/Dev/CHI/HR-portal/node_modules/@aws-amplify/backend-deployer/node_modules/@esbuild/netbsd-arm64'
129 silly reify ]
130 verbose reify failed optional dependency /Users/ricardo/Documents/Dev/CHI/HR-portal/node_modules/@aws-amplify/backend-deployer/node_modules/@esbuild/linux-x64
131 silly reify mark deleted [
131 silly reify   '/Users/ricardo/Documents/Dev/CHI/HR-portal/node_modules/@aws-amplify/backend-deployer/node_modules/@esbuild/linux-x64'
131 silly reify ]
132 verbose reify failed optional dependency /Users/ricardo/Documents/Dev/CHI/HR-portal/node_modules/@aws-amplify/backend-deployer/node_modules/@esbuild/linux-s390x
133 silly reify mark deleted [
133 silly reify   '/Users/ricardo/Documents/Dev/CHI/HR-portal/node_modules/@aws-amplify/backend-deployer/node_modules/@esbuild/linux-s390x'
133 silly reify ]
134 verbose reify failed optional dependency /Users/ricardo/Documents/Dev/CHI/HR-portal/node_modules/@aws-amplify/backend-deployer/node_modules/@esbuild/linux-riscv64
135 silly reify mark deleted [
135 silly reify   '/Users/ricardo/Documents/Dev/CHI/HR-portal/node_modules/@aws-amplify/backend-deployer/node_modules/@esbuild/linux-riscv64'
135 silly reify ]
136 verbose reify failed optional dependency /Users/ricardo/Documents/Dev/CHI/HR-portal/node_modules/@aws-amplify/backend-deployer/node_modules/@esbuild/linux-ppc64
137 silly reify mark deleted [
137 silly reify   '/Users/ricardo/Documents/Dev/CHI/HR-portal/node_modules/@aws-amplify/backend-deployer/node_modules/@esbuild/linux-ppc64'
137 silly reify ]
138 verbose reify failed optional dependency /Users/ricardo/Documents/Dev/CHI/HR-portal/node_modules/@aws-amplify/backend-deployer/node_modules/@esbuild/linux-mips64el
139 silly reify mark deleted [
139 silly reify   '/Users/ricardo/Documents/Dev/CHI/HR-portal/node_modules/@aws-amplify/backend-deployer/node_modules/@esbuild/linux-mips64el'
139 silly reify ]
140 verbose reify failed optional dependency /Users/ricardo/Documents/Dev/CHI/HR-portal/node_modules/@aws-amplify/backend-deployer/node_modules/@esbuild/linux-loong64
141 silly reify mark deleted [
141 silly reify   '/Users/ricardo/Documents/Dev/CHI/HR-portal/node_modules/@aws-amplify/backend-deployer/node_modules/@esbuild/linux-loong64'
141 silly reify ]
142 verbose reify failed optional dependency /Users/ricardo/Documents/Dev/CHI/HR-portal/node_modules/@aws-amplify/backend-deployer/node_modules/@esbuild/linux-ia32
143 silly reify mark deleted [
143 silly reify   '/Users/ricardo/Documents/Dev/CHI/HR-portal/node_modules/@aws-amplify/backend-deployer/node_modules/@esbuild/linux-ia32'
143 silly reify ]
144 verbose reify failed optional dependency /Users/ricardo/Documents/Dev/CHI/HR-portal/node_modules/@aws-amplify/backend-deployer/node_modules/@esbuild/linux-arm64
145 silly reify mark deleted [
145 silly reify   '/Users/ricardo/Documents/Dev/CHI/HR-portal/node_modules/@aws-amplify/backend-deployer/node_modules/@esbuild/linux-arm64'
145 silly reify ]
146 verbose reify failed optional dependency /Users/ricardo/Documents/Dev/CHI/HR-portal/node_modules/@aws-amplify/backend-deployer/node_modules/@esbuild/linux-arm
147 silly reify mark deleted [
147 silly reify   '/Users/ricardo/Documents/Dev/CHI/HR-portal/node_modules/@aws-amplify/backend-deployer/node_modules/@esbuild/linux-arm'
147 silly reify ]
148 verbose reify failed optional dependency /Users/ricardo/Documents/Dev/CHI/HR-portal/node_modules/@aws-amplify/backend-deployer/node_modules/@esbuild/freebsd-x64
149 silly reify mark deleted [
149 silly reify   '/Users/ricardo/Documents/Dev/CHI/HR-portal/node_modules/@aws-amplify/backend-deployer/node_modules/@esbuild/freebsd-x64'
149 silly reify ]
150 verbose reify failed optional dependency /Users/ricardo/Documents/Dev/CHI/HR-portal/node_modules/@aws-amplify/backend-deployer/node_modules/@esbuild/freebsd-arm64
151 silly reify mark deleted [
151 silly reify   '/Users/ricardo/Documents/Dev/CHI/HR-portal/node_modules/@aws-amplify/backend-deployer/node_modules/@esbuild/freebsd-arm64'
151 silly reify ]
152 verbose reify failed optional dependency /Users/ricardo/Documents/Dev/CHI/HR-portal/node_modules/@aws-amplify/backend-deployer/node_modules/@esbuild/darwin-x64
153 silly reify mark deleted [
153 silly reify   '/Users/ricardo/Documents/Dev/CHI/HR-portal/node_modules/@aws-amplify/backend-deployer/node_modules/@esbuild/darwin-x64'
153 silly reify ]
154 verbose reify failed optional dependency /Users/ricardo/Documents/Dev/CHI/HR-portal/node_modules/@aws-amplify/backend-deployer/node_modules/@esbuild/android-x64
155 silly reify mark deleted [
155 silly reify   '/Users/ricardo/Documents/Dev/CHI/HR-portal/node_modules/@aws-amplify/backend-deployer/node_modules/@esbuild/android-x64'
155 silly reify ]
156 verbose reify failed optional dependency /Users/ricardo/Documents/Dev/CHI/HR-portal/node_modules/@aws-amplify/backend-deployer/node_modules/@esbuild/android-arm64
157 silly reify mark deleted [
157 silly reify   '/Users/ricardo/Documents/Dev/CHI/HR-portal/node_modules/@aws-amplify/backend-deployer/node_modules/@esbuild/android-arm64'
157 silly reify ]
158 verbose reify failed optional dependency /Users/ricardo/Documents/Dev/CHI/HR-portal/node_modules/@aws-amplify/backend-deployer/node_modules/@esbuild/android-arm
159 silly reify mark deleted [
159 silly reify   '/Users/ricardo/Documents/Dev/CHI/HR-portal/node_modules/@aws-amplify/backend-deployer/node_modules/@esbuild/android-arm'
159 silly reify ]
160 verbose reify failed optional dependency /Users/ricardo/Documents/Dev/CHI/HR-portal/node_modules/@aws-amplify/backend-deployer/node_modules/@esbuild/aix-ppc64
161 silly reify mark deleted [
161 silly reify   '/Users/ricardo/Documents/Dev/CHI/HR-portal/node_modules/@aws-amplify/backend-deployer/node_modules/@esbuild/aix-ppc64'
161 silly reify ]
162 verbose reify failed optional dependency /Users/ricardo/Documents/Dev/CHI/HR-portal/node_modules/tsx/node_modules/@esbuild/win32-x64
163 silly reify mark deleted [
163 silly reify   '/Users/ricardo/Documents/Dev/CHI/HR-portal/node_modules/tsx/node_modules/@esbuild/win32-x64'
163 silly reify ]
164 verbose reify failed optional dependency /Users/ricardo/Documents/Dev/CHI/HR-portal/node_modules/tsx/node_modules/@esbuild/win32-ia32
165 silly reify mark deleted [
165 silly reify   '/Users/ricardo/Documents/Dev/CHI/HR-portal/node_modules/tsx/node_modules/@esbuild/win32-ia32'
165 silly reify ]
166 verbose reify failed optional dependency /Users/ricardo/Documents/Dev/CHI/HR-portal/node_modules/tsx/node_modules/@esbuild/win32-arm64
167 silly reify mark deleted [
167 silly reify   '/Users/ricardo/Documents/Dev/CHI/HR-portal/node_modules/tsx/node_modules/@esbuild/win32-arm64'
167 silly reify ]
168 verbose reify failed optional dependency /Users/ricardo/Documents/Dev/CHI/HR-portal/node_modules/tsx/node_modules/@esbuild/sunos-x64
169 silly reify mark deleted [
169 silly reify   '/Users/ricardo/Documents/Dev/CHI/HR-portal/node_modules/tsx/node_modules/@esbuild/sunos-x64'
169 silly reify ]
170 verbose reify failed optional dependency /Users/ricardo/Documents/Dev/CHI/HR-portal/node_modules/tsx/node_modules/@esbuild/openharmony-arm64
171 silly reify mark deleted [
171 silly reify   '/Users/ricardo/Documents/Dev/CHI/HR-portal/node_modules/tsx/node_modules/@esbuild/openharmony-arm64'
171 silly reify ]
172 verbose reify failed optional dependency /Users/ricardo/Documents/Dev/CHI/HR-portal/node_modules/tsx/node_modules/@esbuild/openbsd-x64
173 silly reify mark deleted [
173 silly reify   '/Users/ricardo/Documents/Dev/CHI/HR-portal/node_modules/tsx/node_modules/@esbuild/openbsd-x64'
173 silly reify ]
174 verbose reify failed optional dependency /Users/ricardo/Documents/Dev/CHI/HR-portal/node_modules/tsx/node_modules/@esbuild/openbsd-arm64
175 silly reify mark deleted [
175 silly reify   '/Users/ricardo/Documents/Dev/CHI/HR-portal/node_modules/tsx/node_modules/@esbuild/openbsd-arm64'
175 silly reify ]
176 verbose reify failed optional dependency /Users/ricardo/Documents/Dev/CHI/HR-portal/node_modules/tsx/node_modules/@esbuild/netbsd-x64
177 silly reify mark deleted [
177 silly reify   '/Users/ricardo/Documents/Dev/CHI/HR-portal/node_modules/tsx/node_modules/@esbuild/netbsd-x64'
177 silly reify ]
178 verbose reify failed optional dependency /Users/ricardo/Documents/Dev/CHI/HR-portal/node_modules/tsx/node_modules/@esbuild/netbsd-arm64
179 silly reify mark deleted [
179 silly reify   '/Users/ricardo/Documents/Dev/CHI/HR-portal/node_modules/tsx/node_modules/@esbuild/netbsd-arm64'
179 silly reify ]
180 verbose reify failed optional dependency /Users/ricardo/Documents/Dev/CHI/HR-portal/node_modules/tsx/node_modules/@esbuild/linux-x64
181 silly reify mark deleted [
181 silly reify   '/Users/ricardo/Documents/Dev/CHI/HR-portal/node_modules/tsx/node_modules/@esbuild/linux-x64'
181 silly reify ]
182 verbose reify failed optional dependency /Users/ricardo/Documents/Dev/CHI/HR-portal/node_modules/tsx/node_modules/@esbuild/linux-s390x
183 silly reify mark deleted [
183 silly reify   '/Users/ricardo/Documents/Dev/CHI/HR-portal/node_modules/tsx/node_modules/@esbuild/linux-s390x'
183 silly reify ]
184 verbose reify failed optional dependency /Users/ricardo/Documents/Dev/CHI/HR-portal/node_modules/tsx/node_modules/@esbuild/linux-riscv64
185 silly reify mark deleted [
185 silly reify   '/Users/ricardo/Documents/Dev/CHI/HR-portal/node_modules/tsx/node_modules/@esbuild/linux-riscv64'
185 silly reify ]
186 verbose reify failed optional dependency /Users/ricardo/Documents/Dev/CHI/HR-portal/node_modules/tsx/node_modules/@esbuild/linux-ppc64
187 silly reify mark deleted [
187 silly reify   '/Users/ricardo/Documents/Dev/CHI/HR-portal/node_modules/tsx/node_modules/@esbuild/linux-ppc64'
187 silly reify ]
188 verbose reify failed optional dependency /Users/ricardo/Documents/Dev/CHI/HR-portal/node_modules/tsx/node_modules/@esbuild/linux-mips64el
189 silly reify mark deleted [
189 silly reify   '/Users/ricardo/Documents/Dev/CHI/HR-portal/node_modules/tsx/node_modules/@esbuild/linux-mips64el'
189 silly reify ]
190 verbose reify failed optional dependency /Users/ricardo/Documents/Dev/CHI/HR-portal/node_modules/tsx/node_modules/@esbuild/linux-loong64
191 silly reify mark deleted [
191 silly reify   '/Users/ricardo/Documents/Dev/CHI/HR-portal/node_modules/tsx/node_modules/@esbuild/linux-loong64'
191 silly reify ]
192 verbose reify failed optional dependency /Users/ricardo/Documents/Dev/CHI/HR-portal/node_modules/tsx/node_modules/@esbuild/linux-ia32
193 silly reify mark deleted [
193 silly reify   '/Users/ricardo/Documents/Dev/CHI/HR-portal/node_modules/tsx/node_modules/@esbuild/linux-ia32'
193 silly reify ]
194 verbose reify failed optional dependency /Users/ricardo/Documents/Dev/CHI/HR-portal/node_modules/tsx/node_modules/@esbuild/linux-arm64
195 silly reify mark deleted [
195 silly reify   '/Users/ricardo/Documents/Dev/CHI/HR-portal/node_modules/tsx/node_modules/@esbuild/linux-arm64'
195 silly reify ]
196 verbose reify failed optional dependency /Users/ricardo/Documents/Dev/CHI/HR-portal/node_modules/tsx/node_modules/@esbuild/linux-arm
197 silly reify mark deleted [
197 silly reify   '/Users/ricardo/Documents/Dev/CHI/HR-portal/node_modules/tsx/node_modules/@esbuild/linux-arm'
197 silly reify ]
198 verbose reify failed optional dependency /Users/ricardo/Documents/Dev/CHI/HR-portal/node_modules/tsx/node_modules/@esbuild/freebsd-x64
199 silly reify mark deleted [
199 silly reify   '/Users/ricardo/Documents/Dev/CHI/HR-portal/node_modules/tsx/node_modules/@esbuild/freebsd-x64'
199 silly reify ]
200 verbose reify failed optional dependency /Users/ricardo/Documents/Dev/CHI/HR-portal/node_modules/tsx/node_modules/@esbuild/freebsd-arm64
201 silly reify mark deleted [
201 silly reify   '/Users/ricardo/Documents/Dev/CHI/HR-portal/node_modules/tsx/node_modules/@esbuild/freebsd-arm64'
201 silly reify ]
202 verbose reify failed optional dependency /Users/ricardo/Documents/Dev/CHI/HR-portal/node_modules/tsx/node_modules/@esbuild/darwin-x64
203 silly reify mark deleted [
203 silly reify   '/Users/ricardo/Documents/Dev/CHI/HR-portal/node_modules/tsx/node_modules/@esbuild/darwin-x64'
203 silly reify ]
204 verbose reify failed optional dependency /Users/ricardo/Documents/Dev/CHI/HR-portal/node_modules/tsx/node_modules/@esbuild/android-x64
205 silly reify mark deleted [
205 silly reify   '/Users/ricardo/Documents/Dev/CHI/HR-portal/node_modules/tsx/node_modules/@esbuild/android-x64'
205 silly reify ]
206 verbose reify failed optional dependency /Users/ricardo/Documents/Dev/CHI/HR-portal/node_modules/tsx/node_modules/@esbuild/android-arm64
207 silly reify mark deleted [
207 silly reify   '/Users/ricardo/Documents/Dev/CHI/HR-portal/node_modules/tsx/node_modules/@esbuild/android-arm64'
207 silly reify ]
208 verbose reify failed optional dependency /Users/ricardo/Documents/Dev/CHI/HR-portal/node_modules/tsx/node_modules/@esbuild/android-arm
209 silly reify mark deleted [
209 silly reify   '/Users/ricardo/Documents/Dev/CHI/HR-portal/node_modules/tsx/node_modules/@esbuild/android-arm'
209 silly reify ]
210 verbose reify failed optional dependency /Users/ricardo/Documents/Dev/CHI/HR-portal/node_modules/tsx/node_modules/@esbuild/aix-ppc64
211 silly reify mark deleted [
211 silly reify   '/Users/ricardo/Documents/Dev/CHI/HR-portal/node_modules/tsx/node_modules/@esbuild/aix-ppc64'
211 silly reify ]
212 http fetch POST 200 https://registry.npmjs.org/-/npm/v1/security/advisories/bulk 711ms
213 silly audit report {
213 silly audit report   esbuild: [
213 silly audit report     {
213 silly audit report       id: 1102341,
213 silly audit report       url: 'https://github.com/advisories/GHSA-67mh-4wv8-2f99',
213 silly audit report       title: 'esbuild enables any website to send any requests to the development server and read the response',
213 silly audit report       severity: 'moderate',
213 silly audit report       vulnerable_versions: '<=0.24.2',
213 silly audit report       cwe: [Array],
213 silly audit report       cvss: [Object]
213 silly audit report     }
213 silly audit report   ],
213 silly audit report   next: [
213 silly audit report     {
213 silly audit report       id: 1101380,
213 silly audit report       url: 'https://github.com/advisories/GHSA-7gfc-8cq8-jh5f',
213 silly audit report       title: 'Next.js authorization bypass vulnerability',
213 silly audit report       severity: 'high',
213 silly audit report       vulnerable_versions: '>=9.5.5 <14.2.15',
213 silly audit report       cwe: [Array],
213 silly audit report       cvss: [Object]
213 silly audit report     },
213 silly audit report     {
213 silly audit report       id: 1101438,
213 silly audit report       url: 'https://github.com/advisories/GHSA-7m27-7ghc-44w9',
213 silly audit report       title: 'Next.js Allows a Denial of Service (DoS) with Server Actions',
213 silly audit report       severity: 'moderate',
213 silly audit report       vulnerable_versions: '>=14.0.0 <14.2.21',
213 silly audit report       cwe: [Array],
213 silly audit report       cvss: [Object]
213 silly audit report     },
213 silly audit report     {
213 silly audit report       id: 1104490,
213 silly audit report       url: 'https://github.com/advisories/GHSA-qpjv-v59x-3qc4',
213 silly audit report       title: 'Next.js Race Condition to Cache Poisoning',
213 silly audit report       severity: 'low',
213 silly audit report       vulnerable_versions: '<14.2.24',
213 silly audit report       cwe: [Array],
213 silly audit report       cvss: [Object]
213 silly audit report     },
213 silly audit report     {
213 silly audit report       id: 1105461,
213 silly audit report       url: 'https://github.com/advisories/GHSA-3h52-269p-cp9r',
213 silly audit report       title: 'Information exposure in Next.js dev server due to lack of origin verification',
213 silly audit report       severity: 'low',
213 silly audit report       vulnerable_versions: '>=13.0 <14.2.30',
213 silly audit report       cwe: [Array],
213 silly audit report       cvss: [Object]
213 silly audit report     },
213 silly audit report     {
213 silly audit report       id: 1106692,
213 silly audit report       url: 'https://github.com/advisories/GHSA-f82v-jwr5-mffw',
213 silly audit report       title: 'Authorization Bypass in Next.js Middleware',
213 silly audit report       severity: 'critical',
213 silly audit report       vulnerable_versions: '>=14.0.0 <14.2.25',
213 silly audit report       cwe: [Array],
213 silly audit report       cvss: [Object]
213 silly audit report     }
213 silly audit report   ]
213 silly audit report }
214 silly packumentCache corgi:https://registry.npmjs.org/esbuild cache-miss
215 silly packumentCache corgi:https://registry.npmjs.org/next cache-miss
216 http fetch GET 200 https://registry.npmjs.org/esbuild 83ms (cache miss)
217 silly packumentCache corgi:https://registry.npmjs.org/esbuild set size:undefined disposed:false
218 http fetch GET 200 https://registry.npmjs.org/next 757ms (cache miss)
219 silly packumentCache corgi:https://registry.npmjs.org/next set size:undefined disposed:false
220 silly ADD
221 silly ADD
222 silly ADD
223 silly ADD
224 silly ADD
225 silly ADD
226 silly ADD
227 silly ADD
228 silly ADD
229 silly ADD
230 silly ADD
231 silly ADD
232 silly ADD
233 silly ADD
234 silly ADD
235 silly ADD
236 silly ADD
237 silly ADD
238 silly ADD
239 silly ADD
240 silly ADD
241 silly ADD
242 silly ADD
243 silly ADD
244 silly ADD
245 silly ADD
246 silly ADD
247 silly ADD
248 silly ADD
249 silly ADD
250 silly ADD
251 silly ADD
252 silly ADD
253 silly ADD
254 silly ADD
255 silly ADD
256 silly ADD
257 silly ADD
258 silly ADD
259 silly ADD
260 silly ADD
261 silly ADD
262 silly ADD
263 silly ADD
264 silly ADD
265 silly ADD
266 silly ADD
267 silly ADD
268 silly ADD
269 silly ADD
270 silly ADD
271 silly ADD
272 silly ADD
273 silly ADD
274 silly ADD
275 silly ADD
276 silly ADD
277 silly ADD
278 silly ADD
279 silly ADD
280 silly ADD
281 silly ADD
282 silly ADD
283 silly ADD
284 silly ADD
285 silly ADD
286 silly ADD
287 silly ADD
288 silly ADD
289 silly ADD
290 silly ADD
291 silly ADD
292 silly ADD
293 silly ADD
294 silly ADD
295 silly ADD
296 silly ADD
297 silly ADD
298 silly ADD
299 silly ADD
300 silly ADD
301 silly ADD
302 silly ADD
303 silly ADD
304 silly ADD
305 silly ADD
306 silly ADD
307 silly ADD
308 silly ADD
309 silly ADD
310 silly ADD
311 silly ADD
312 silly ADD
313 verbose cwd /Users/ricardo/Documents/Dev/CHI/HR-portal
314 verbose os Darwin 24.6.0
315 verbose node v22.15.0
316 verbose npm  v10.9.2
317 notice
317 notice New major version of npm available! 10.9.2 -> 11.5.2
317 notice Changelog: https://github.com/npm/cli/releases/tag/v11.5.2
317 notice To update run: npm install -g npm@11.5.2
317 notice  { force: true, [Symbol(proc-log.meta)]: true }
318 verbose exit 0
319 info ok
